


materialPath: C:\Program Files (x86)\Steam\steamapps\common\Team Fortress 2\tf\materials
Loading C:\Program Files (x86)\Steam\steamapps\common\Team Fortress 2\sourcesdk_content\tf\mapsrc\mvm\mvm_ver1.vmf
fixing up env_cubemap materials on brush sides...
0...1...2...3...4...5...6...7...8...9...100...1...2...3...4...5...6...7...8...9...10Processing areas...done (0)
Building Faces...done (0)
FixTjuncs...
PruneNodes...
WriteBSP...
done (0)
writing C:\Program Files (x86)\Steam\steamapps\common\Team Fortress 2\sourcesdk_content\tf\mapsrc\mvm\mvm_ver1.prt...Building visibility clusters...
done (0)
Creating default LDR cubemaps for env_cubemap using skybox materials:
   skybox/sky_day01_01*.vmt
 ! Run buildcubemaps in the engine to get the correct cube maps.
Creating default HDR cubemaps for env_cubemap using skybox materials:
   skybox/sky_day01_01*.vmt
 ! Run buildcubemaps in the engine to get the correct cube maps.
Finding displacement neighbors...
Finding lightmap sample positions...
Displacement Alpha : 0...1...2...3...4...5...6...7...8...9...10
Building Physics collision data...
done (0) (5464 bytes)
Placing detail props : 0...1...2...3...4...5...6...7...8...9...10
Compacting texture/material tables...
Reduced 19 texinfos to 13
Reduced 6 texdatas to 5 (157 bytes to 115)
Writing C:\Program Files (x86)\Steam\steamapps\common\Team Fortress 2\sourcesdk_content\tf\mapsrc\mvm\mvm_ver1.bsp
Wrote ZIP buffer, estimated size 212165, actual size 211549
0 seconds elapsed



16 threads
reading c:\program files (x86)\steam\steamapps\common\team fortress 2\sourcesdk_content\tf\mapsrc\mvm\mvm_ver1.bsp
reading c:\program files (x86)\steam\steamapps\common\team fortress 2\sourcesdk_content\tf\mapsrc\mvm\mvm_ver1.prt
  80 portalclusters
 201 numportals
0...1...2...3...4...5...6...7...8...9...100...1...2...3...4...5...6...7...8...9...10Optimized: 0 visible clusters (0.00%)
Total clusters visible: 4852
Average clusters visible: 60
Building PAS...
Average clusters audible: 80
visdatasize:2244  compressed from 2560
writing c:\program files (x86)\steam\steamapps\common\team fortress 2\sourcesdk_content\tf\mapsrc\mvm\mvm_ver1.bsp
0 seconds elapsed



[Reading texlights from 'lights.rad']
[56 texlights parsed from 'lights.rad']

Loading c:\program files (x86)\steam\steamapps\common\team fortress 2\sourcesdk_content\tf\mapsrc\mvm\mvm_ver1.bsp
451 faces
647770 square feet [93278984.00 square inches]
0 Displacements
0 Square Feet [0.00 Square Inches]
451 patches before subdivision
23869 patches after subdivision
0 direct lights
0...1...2...3...4...5...6...7...8...9...100...1...2...3...4...5...6...7...8...9...10transfers 505218, max 413
transfer lists:   3.9 megs
0...1...2...3...4...5...6...7...8...9...10	Bounce #1 added RGB(0, 0, 0)
Build Patch/Sample Hash Table(s).....Done<0.0102 sec>
0...1...2...3...4...5...6...7...8...9...10FinalLightFace Done
0 of 0 (0% of) surface lights went in leaf ambient cubes.
0...1...2...3...4...5...6...7...8...9...10Writing leaf ambient...done
Ready to Finish

Object names       Objects/Maxobjs  Memory / Maxmem  Fullness 
------------       ---------------  ---------------  -------- 
models                   2/1024           96/49152    ( 0.2%) 
brushes                 14/8192          168/98304    ( 0.2%) 
brushsides              88/65536         704/524288   ( 0.1%) 
planes                 116/65536        2320/1310720  ( 0.2%) 
vertexes               551/65536        6612/786432   ( 0.8%) 
nodes                  213/65536        6816/2097152  ( 0.3%) 
texinfos                13/12288         936/884736   ( 0.1%) 
texdata                  5/2048          160/65536    ( 0.2%) 
dispinfos                0/0               0/0        ( 0.0%) 
disp_verts               0/0               0/0        ( 0.0%) 
disp_tris                0/0               0/0        ( 0.0%) 
disp_lmsamples           0/0               0/0        ( 0.0%) 
faces                  451/65536       25256/3670016  ( 0.7%) 
hdr faces                0/65536           0/3670016  ( 0.0%) 
origfaces               45/65536        2520/3670016  ( 0.1%) 
leaves                 216/65536        6912/2097152  ( 0.3%) 
leaffaces              490/65536         980/131072   ( 0.7%) 
leafbrushes            117/65536         234/131072   ( 0.2%) 
areas                    2/256            16/2048     ( 0.8%) 
surfedges             2143/512000       8572/2048000  ( 0.4%) 
edges                 1111/256000       4444/1024000  ( 0.4%) 
LDR worldlights          0/8192            0/720896   ( 0.0%) 
HDR worldlights          0/8192            0/720896   ( 0.0%) 
leafwaterdata            0/32768           0/393216   ( 0.0%) 
waterstrips             31/32768         310/327680   ( 0.1%) 
waterverts               0/65536           0/786432   ( 0.0%) 
waterindices           408/65536         816/131072   ( 0.6%) 
cubemapsamples           0/1024            0/16384    ( 0.0%) 
overlays                 0/512             0/180224   ( 0.0%) 
LDR lightdata         [variable]      659072/0        ( 0.0%) 
HDR lightdata         [variable]           0/0        ( 0.0%) 
visdata               [variable]        2244/16777216 ( 0.0%) 
entdata               [variable]         782/393216   ( 0.2%) 
LDR ambient table      216/65536         864/262144   ( 0.3%) 
HDR ambient table      216/65536         864/262144   ( 0.3%) 
LDR leaf ambient        86/65536        2408/1835008  ( 0.1%) 
HDR leaf ambient       216/65536        6048/1835008  ( 0.3%) 
occluders                0/0               0/0        ( 0.0%) 
occluder polygons        0/0               0/0        ( 0.0%) 
occluder vert ind        0/0               0/0        ( 0.0%) 
detail props          [variable]           1/12       ( 8.3%) 
static props          [variable]           1/218      ( 0.5%) 
pakfile               [variable]      211549/0        ( 0.0%) 
physics               [variable]        5464/4194304  ( 0.1%) 
physics terrain       [variable]           2/1048576  ( 0.0%) 

Level flags = 0

Total triangle count: 1061
Writing c:\program files (x86)\steam\steamapps\common\team fortress 2\sourcesdk_content\tf\mapsrc\mvm\mvm_ver1.bsp
1 second elapsed



materialPath: C:\Program Files (x86)\Steam\steamapps\common\Team Fortress 2\tf\materials
Loading C:\Program Files (x86)\Steam\steamapps\common\Team Fortress 2\sourcesdk_content\tf\mapsrc\mvm\mvm_ver1.vmf
fixing up env_cubemap materials on brush sides...
0...1...2...3...4...5...6...7...8...9...100...1...2...3...4...5...6...7...8...9...10Processing areas...done (0)
Building Faces...done (0)
FixTjuncs...
PruneNodes...
WriteBSP...
done (0)
writing C:\Program Files (x86)\Steam\steamapps\common\Team Fortress 2\sourcesdk_content\tf\mapsrc\mvm\mvm_ver1.prt...Building visibility clusters...
done (0)
Creating default LDR cubemaps for env_cubemap using skybox materials:
   skybox/sky_day01_01*.vmt
 ! Run buildcubemaps in the engine to get the correct cube maps.
Creating default HDR cubemaps for env_cubemap using skybox materials:
   skybox/sky_day01_01*.vmt
 ! Run buildcubemaps in the engine to get the correct cube maps.
Finding displacement neighbors...
Finding lightmap sample positions...
Displacement Alpha : 0...1...2...3...4...5...6...7...8...9...10
Building Physics collision data...
done (0) (5464 bytes)
Placing detail props : 0...1...2...3...4...5...6...7...8...9...10
Compacting texture/material tables...
Reduced 19 texinfos to 13
Reduced 6 texdatas to 5 (157 bytes to 115)
Writing C:\Program Files (x86)\Steam\steamapps\common\Team Fortress 2\sourcesdk_content\tf\mapsrc\mvm\mvm_ver1.bsp
Wrote ZIP buffer, estimated size 212165, actual size 211549
0 seconds elapsed



16 threads
reading c:\program files (x86)\steam\steamapps\common\team fortress 2\sourcesdk_content\tf\mapsrc\mvm\mvm_ver1.bsp
reading c:\program files (x86)\steam\steamapps\common\team fortress 2\sourcesdk_content\tf\mapsrc\mvm\mvm_ver1.prt
  80 portalclusters
 201 numportals
0...1...2...3...4...5...6...7...8...9...100...1...2...3...4...5...6...7...8...9...10Optimized: 0 visible clusters (0.00%)
Total clusters visible: 4852
Average clusters visible: 60
Building PAS...
Average clusters audible: 80
visdatasize:2244  compressed from 2560
writing c:\program files (x86)\steam\steamapps\common\team fortress 2\sourcesdk_content\tf\mapsrc\mvm\mvm_ver1.bsp
0 seconds elapsed



[Reading texlights from 'lights.rad']
[56 texlights parsed from 'lights.rad']

Loading c:\program files (x86)\steam\steamapps\common\team fortress 2\sourcesdk_content\tf\mapsrc\mvm\mvm_ver1.bsp
451 faces
647770 square feet [93278984.00 square inches]
0 Displacements
0 Square Feet [0.00 Square Inches]
451 patches before subdivision
23869 patches after subdivision
0 direct lights
0...1...2...3...4...5...6...7...8...9...100...1...2...3...4...5...6...7...8...9...10transfers 505218, max 413
transfer lists:   3.9 megs
0...1...2...3...4...5...6...7...8...9...10	Bounce #1 added RGB(0, 0, 0)
Build Patch/Sample Hash Table(s).....Done<0.0099 sec>
0...1...2...3...4...5...6...7...8...9...10FinalLightFace Done
0 of 0 (0% of) surface lights went in leaf ambient cubes.
0...1...2...3...4...5...6...7...8...9...10Writing leaf ambient...done
Ready to Finish

Object names       Objects/Maxobjs  Memory / Maxmem  Fullness 
------------       ---------------  ---------------  -------- 
models                   2/1024           96/49152    ( 0.2%) 
brushes                 14/8192          168/98304    ( 0.2%) 
brushsides              88/65536         704/524288   ( 0.1%) 
planes                 116/65536        2320/1310720  ( 0.2%) 
vertexes               551/65536        6612/786432   ( 0.8%) 
nodes                  213/65536        6816/2097152  ( 0.3%) 
texinfos                13/12288         936/884736   ( 0.1%) 
texdata                  5/2048          160/65536    ( 0.2%) 
dispinfos                0/0               0/0        ( 0.0%) 
disp_verts               0/0               0/0        ( 0.0%) 
disp_tris                0/0               0/0        ( 0.0%) 
disp_lmsamples           0/0               0/0        ( 0.0%) 
faces                  451/65536       25256/3670016  ( 0.7%) 
hdr faces                0/65536           0/3670016  ( 0.0%) 
origfaces               45/65536        2520/3670016  ( 0.1%) 
leaves                 216/65536        6912/2097152  ( 0.3%) 
leaffaces              490/65536         980/131072   ( 0.7%) 
leafbrushes            117/65536         234/131072   ( 0.2%) 
areas                    2/256            16/2048     ( 0.8%) 
surfedges             2143/512000       8572/2048000  ( 0.4%) 
edges                 1111/256000       4444/1024000  ( 0.4%) 
LDR worldlights          0/8192            0/720896   ( 0.0%) 
HDR worldlights          0/8192            0/720896   ( 0.0%) 
leafwaterdata            0/32768           0/393216   ( 0.0%) 
waterstrips             31/32768         310/327680   ( 0.1%) 
waterverts               0/65536           0/786432   ( 0.0%) 
waterindices           408/65536         816/131072   ( 0.6%) 
cubemapsamples           0/1024            0/16384    ( 0.0%) 
overlays                 0/512             0/180224   ( 0.0%) 
LDR lightdata         [variable]      659072/0        ( 0.0%) 
HDR lightdata         [variable]           0/0        ( 0.0%) 
visdata               [variable]        2244/16777216 ( 0.0%) 
entdata               [variable]        1569/393216   ( 0.4%) 
LDR ambient table      216/65536         864/262144   ( 0.3%) 
HDR ambient table      216/65536         864/262144   ( 0.3%) 
LDR leaf ambient        86/65536        2408/1835008  ( 0.1%) 
HDR leaf ambient       216/65536        6048/1835008  ( 0.3%) 
occluders                0/0               0/0        ( 0.0%) 
occluder polygons        0/0               0/0        ( 0.0%) 
occluder vert ind        0/0               0/0        ( 0.0%) 
detail props          [variable]           1/12       ( 8.3%) 
static props          [variable]           1/218      ( 0.5%) 
pakfile               [variable]      211549/0        ( 0.0%) 
physics               [variable]        5464/4194304  ( 0.1%) 
physics terrain       [variable]           2/1048576  ( 0.0%) 

Level flags = 0

Total triangle count: 1061
Writing c:\program files (x86)\steam\steamapps\common\team fortress 2\sourcesdk_content\tf\mapsrc\mvm\mvm_ver1.bsp
1 second elapsed



materialPath: C:\Program Files (x86)\Steam\steamapps\common\Team Fortress 2\tf\materials
Loading C:\Program Files (x86)\Steam\steamapps\common\Team Fortress 2\sourcesdk_content\tf\mapsrc\mvm\mvm_ver1.vmf
fixing up env_cubemap materials on brush sides...
0...1...2...3...4...5...6...7...8...9...100...1...2...3...4...5...6...7...8...9...10Processing areas...done (0)
Building Faces...done (0)
FixTjuncs...
PruneNodes...
WriteBSP...
done (0)
writing C:\Program Files (x86)\Steam\steamapps\common\Team Fortress 2\sourcesdk_content\tf\mapsrc\mvm\mvm_ver1.prt...Building visibility clusters...
done (0)
Creating default LDR cubemaps for env_cubemap using skybox materials:
   skybox/sky_day01_01*.vmt
 ! Run buildcubemaps in the engine to get the correct cube maps.
Creating default HDR cubemaps for env_cubemap using skybox materials:
   skybox/sky_day01_01*.vmt
 ! Run buildcubemaps in the engine to get the correct cube maps.
Finding displacement neighbors...
Finding lightmap sample positions...
Displacement Alpha : 0...1...2...3...4...5...6...7...8...9...10
Building Physics collision data...
done (0) (11739 bytes)
Placing detail props : 0...1...2...3...4...5...6...7...8...9...10
Compacting texture/material tables...
Reduced 32 texinfos to 18
Reduced 6 texdatas to 5 (157 bytes to 115)
Writing C:\Program Files (x86)\Steam\steamapps\common\Team Fortress 2\sourcesdk_content\tf\mapsrc\mvm\mvm_ver1.bsp
Wrote ZIP buffer, estimated size 212165, actual size 211549
0 seconds elapsed



16 threads
reading c:\program files (x86)\steam\steamapps\common\team fortress 2\sourcesdk_content\tf\mapsrc\mvm\mvm_ver1.bsp
reading c:\program files (x86)\steam\steamapps\common\team fortress 2\sourcesdk_content\tf\mapsrc\mvm\mvm_ver1.prt
 105 portalclusters
 267 numportals
0...1...2...3...4...5...6...7...8...9...100...1...2...3...4...5...6...7...8...9...10Optimized: 6 visible clusters (0.08%)
Total clusters visible: 7717
Average clusters visible: 73
Building PAS...
Average clusters audible: 105
visdatasize:3817  compressed from 3360
writing c:\program files (x86)\steam\steamapps\common\team fortress 2\sourcesdk_content\tf\mapsrc\mvm\mvm_ver1.bsp
0 seconds elapsed



[Reading texlights from 'lights.rad']
[56 texlights parsed from 'lights.rad']

Loading c:\program files (x86)\steam\steamapps\common\team fortress 2\sourcesdk_content\tf\mapsrc\mvm\mvm_ver1.bsp
549 faces
676856 square feet [97467280.00 square inches]
0 Displacements
0 Square Feet [0.00 Square Inches]
549 patches before subdivision
30249 patches after subdivision
0 direct lights
0...1...2...3...4...5...6...7...8...9...100...1...2...3...4...5...6...7...8...9...10transfers 1151845, max 413
transfer lists:   8.8 megs
0...1...2...3...4...5...6...7...8...9...10	Bounce #1 added RGB(0, 0, 0)
Build Patch/Sample Hash Table(s).....Done<0.0094 sec>
0...1...2...3...4...5...6...7...8...9...10FinalLightFace Done
0 of 0 (0% of) surface lights went in leaf ambient cubes.
0...1...2...3...4...5...6...7...8...9...10Writing leaf ambient...done
Ready to Finish

Object names       Objects/Maxobjs  Memory / Maxmem  Fullness 
------------       ---------------  ---------------  -------- 
models                   4/1024          192/49152    ( 0.4%) 
brushes                 31/8192          372/98304    ( 0.4%) 
brushsides             192/65536        1536/524288   ( 0.3%) 
planes                 174/65536        3480/1310720  ( 0.3%) 
vertexes               715/65536        8580/786432   ( 1.1%) 
nodes                  271/65536        8672/2097152  ( 0.4%) 
texinfos                18/12288        1296/884736   ( 0.1%) 
texdata                  5/2048          160/65536    ( 0.2%) 
dispinfos                0/0               0/0        ( 0.0%) 
disp_verts               0/0               0/0        ( 0.0%) 
disp_tris                0/0               0/0        ( 0.0%) 
disp_lmsamples           0/0               0/0        ( 0.0%) 
faces                  549/65536       30744/3670016  ( 0.8%) 
hdr faces                0/65536           0/3670016  ( 0.0%) 
origfaces               95/65536        5320/3670016  ( 0.1%) 
leaves                 276/65536        8832/2097152  ( 0.4%) 
leaffaces              595/65536        1190/131072   ( 0.9%) 
leafbrushes            144/65536         288/131072   ( 0.2%) 
areas                    2/256            16/2048     ( 0.8%) 
surfedges             2810/512000      11240/2048000  ( 0.5%) 
edges                 1493/256000       5972/1024000  ( 0.6%) 
LDR worldlights          0/8192            0/720896   ( 0.0%) 
HDR worldlights          0/8192            0/720896   ( 0.0%) 
leafwaterdata            0/32768           0/393216   ( 0.0%) 
waterstrips             39/32768         390/327680   ( 0.1%) 
waterverts               0/65536           0/786432   ( 0.0%) 
waterindices           495/65536         990/131072   ( 0.8%) 
cubemapsamples           0/1024            0/16384    ( 0.0%) 
overlays                 0/512             0/180224   ( 0.0%) 
LDR lightdata         [variable]      736364/0        ( 0.0%) 
HDR lightdata         [variable]           0/0        ( 0.0%) 
visdata               [variable]        3817/16777216 ( 0.0%) 
entdata               [variable]        2423/393216   ( 0.6%) 
LDR ambient table      276/65536        1104/262144   ( 0.4%) 
HDR ambient table      276/65536        1104/262144   ( 0.4%) 
LDR leaf ambient       123/65536        3444/1835008  ( 0.2%) 
HDR leaf ambient       276/65536        7728/1835008  ( 0.4%) 
occluders                0/0               0/0        ( 0.0%) 
occluder polygons        0/0               0/0        ( 0.0%) 
occluder vert ind        0/0               0/0        ( 0.0%) 
detail props          [variable]           1/12       ( 8.3%) 
static props          [variable]           1/216      ( 0.5%) 
pakfile               [variable]      211549/0        ( 0.0%) 
physics               [variable]       11739/4194304  ( 0.3%) 
physics terrain       [variable]           2/1048576  ( 0.0%) 

Level flags = 0

Total triangle count: 1332
Writing c:\program files (x86)\steam\steamapps\common\team fortress 2\sourcesdk_content\tf\mapsrc\mvm\mvm_ver1.bsp
2 seconds elapsed



materialPath: C:\Program Files (x86)\Steam\steamapps\common\Team Fortress 2\tf\materials
Loading D:\Documents\GitHub\MVM\mvm\mvm_ver1.vmf
Patching WVT material: maps/mvm_ver1/cp_sunshine/nature/blendrocktograss001_wvt_patch
fixing up env_cubemap materials on brush sides...
0...1...2...3...4...5...6...7...8...9...100...1...2...3...4...5...6...7...8...9...10Processing areas...done (0)
Building Faces...done (0)
FixTjuncs...
PruneNodes...
WriteBSP...
done (0)
writing D:\Documents\GitHub\MVM\mvm\mvm_ver1.prt...Building visibility clusters...
done (0)
Creating default LDR cubemaps for env_cubemap using skybox materials:
   skybox/sky_day01_01*.vmt
 ! Run buildcubemaps in the engine to get the correct cube maps.
Creating default HDR cubemaps for env_cubemap using skybox materials:
   skybox/sky_day01_01*.vmt
 ! Run buildcubemaps in the engine to get the correct cube maps.
Finding displacement neighbors...
Finding lightmap sample positions...
Displacement Alpha : 0...1...2...3...4...5...6...7...8...9...10
Building Physics collision data...
done (0) (13518 bytes)
Error! To use model "models/player/demo.mdl"
      with prop_static, it must be compiled with $staticprop!
Error loading studio model "models/player/demo.mdl"!
Error! To use model "models/lilchewchew/lilchewchew_gry.mdl"
      with prop_static, it must be compiled with $staticprop!
Error loading studio model "models/lilchewchew/lilchewchew_gry.mdl"!
Placing detail props : 0...1...2...3...4...5...6...7...8...9...10
Compacting texture/material tables...
Reduced 38 texinfos to 21
Reduced 8 texdatas to 6 (259 bytes to 178)
Writing D:\Documents\GitHub\MVM\mvm\mvm_ver1.bsp
MSG_FILEWRITE - Filesystem was asked to write to 'D:\Documents\GitHub\MVM\mvm\mvm_ver1.bsp', but we don't own that location. Allowing.
Wrote ZIP buffer, estimated size 212717, actual size 211967
0 seconds elapsed



16 threads
reading d:\documents\github\mvm\mvm\mvm_ver1.bsp
reading d:\documents\github\mvm\mvm\mvm_ver1.prt
 119 portalclusters
 317 numportals
0...1...2...3...4...5...6...7...8...9...100...1...2...3...4...5...6...7...8...9...10Optimized: 9 visible clusters (0.09%)
Total clusters visible: 9642
Average clusters visible: 81
Building PAS...
Average clusters audible: 119
visdatasize:4585  compressed from 3808
writing d:\documents\github\mvm\mvm\mvm_ver1.bsp
MSG_FILEWRITE - Filesystem was asked to write to 'd:\documents\github\mvm\mvm\mvm_ver1.bsp', but we don't own that location. Allowing.
0 seconds elapsed



[Reading texlights from 'lights.rad']
[56 texlights parsed from 'lights.rad']

Loading d:\documents\github\mvm\mvm\mvm_ver1.bsp
607 faces
710310 square feet [102284728.00 square inches]
0 Displacements
0 Square Feet [0.00 Square Inches]
607 patches before subdivision
33907 patches after subdivision
0 direct lights
0...1...2...3...4...5...6...7...8...9...100...1...2...3...4...5...6...7...8...9...10transfers 1482871, max 413
transfer lists:  11.3 megs
0...1...2...3...4...5...6...7...8...9...10	Bounce #1 added RGB(0, 0, 0)
Build Patch/Sample Hash Table(s).....Done<0.0125 sec>
0...1...2...3...4...5...6...7...8...9...10FinalLightFace Done
0 of 0 (0% of) surface lights went in leaf ambient cubes.
0...1...2...3...4...5...6...7...8...9...10Writing leaf ambient...done
Ready to Finish

Object names       Objects/Maxobjs  Memory / Maxmem  Fullness 
------------       ---------------  ---------------  -------- 
models                   4/1024          192/49152    ( 0.4%) 
brushes                 36/8192          432/98304    ( 0.4%) 
brushsides             224/65536        1792/524288   ( 0.3%) 
planes                 192/65536        3840/1310720  ( 0.3%) 
vertexes               793/65536        9516/786432   ( 1.2%) 
nodes                  294/65536        9408/2097152  ( 0.4%) 
texinfos                21/12288        1512/884736   ( 0.2%) 
texdata                  6/2048          192/65536    ( 0.3%) 
dispinfos                0/0               0/0        ( 0.0%) 
disp_verts               0/0               0/0        ( 0.0%) 
disp_tris                0/0               0/0        ( 0.0%) 
disp_lmsamples           0/0               0/0        ( 0.0%) 
faces                  607/65536       33992/3670016  ( 0.9%) 
hdr faces                0/65536           0/3670016  ( 0.0%) 
origfaces              115/65536        6440/3670016  ( 0.2%) 
leaves                 299/65536        9568/2097152  ( 0.5%) 
leaffaces              679/65536        1358/131072   ( 1.0%) 
leafbrushes            156/65536         312/131072   ( 0.2%) 
areas                    2/256            16/2048     ( 0.8%) 
surfedges             3157/512000      12628/2048000  ( 0.6%) 
edges                 1679/256000       6716/1024000  ( 0.7%) 
LDR worldlights          0/8192            0/720896   ( 0.0%) 
HDR worldlights          0/8192            0/720896   ( 0.0%) 
leafwaterdata            0/32768           0/393216   ( 0.0%) 
waterstrips             38/32768         380/327680   ( 0.1%) 
waterverts               0/65536           0/786432   ( 0.0%) 
waterindices           486/65536         972/131072   ( 0.7%) 
cubemapsamples           0/1024            0/16384    ( 0.0%) 
overlays                 0/512             0/180224   ( 0.0%) 
LDR lightdata         [variable]     1022060/0        ( 0.0%) 
HDR lightdata         [variable]           0/0        ( 0.0%) 
visdata               [variable]        4585/16777216 ( 0.0%) 
entdata               [variable]        2423/393216   ( 0.6%) 
LDR ambient table      299/65536        1196/262144   ( 0.5%) 
HDR ambient table      299/65536        1196/262144   ( 0.5%) 
LDR leaf ambient       137/65536        3836/1835008  ( 0.2%) 
HDR leaf ambient       299/65536        8372/1835008  ( 0.5%) 
occluders                0/0               0/0        ( 0.0%) 
occluder polygons        0/0               0/0        ( 0.0%) 
occluder vert ind        0/0               0/0        ( 0.0%) 
detail props          [variable]           1/12       ( 8.3%) 
static props          [variable]           1/1450     ( 0.1%) 
pakfile               [variable]      211967/0        ( 0.0%) 
physics               [variable]       13518/4194304  ( 0.3%) 
physics terrain       [variable]           2/1048576  ( 0.0%) 

Level flags = 0

Total triangle count: 1482
Writing d:\documents\github\mvm\mvm\mvm_ver1.bsp
2 seconds elapsed



materialPath: D:\SteamLibrary\steamapps\common\Team Fortress 2\tf\materials
Loading C:\Users\andre\OneDrive\Документы\GitHub\MVM\mvm\mvm_ver1.vmf
Brush 1104: bounds out of range
Patching WVT material: maps/mvm_ver1/cp_sunshine/nature/blendrocktograss001_wvt_patch
fixing up env_cubemap materials on brush sides...
0...1...2...3...4...5...6...7...8...9...10WARNING: BSP node with unbounded volume (material: <NO BRUSH>, near (-3080.000000, 3080.000000, 130832.000000))
WARNING: BSP node with unbounded volume (material: <NO BRUSH>, near (3080.000000, 3080.000000, 65535.996094))
WARNING: BSP node with unbounded volume (material: <NO BRUSH>, near (0.000000, 1024.000000, 65535.996094))
WARNING: BSP node with unbounded volume (material: <NO BRUSH>, near (3080.000000, 1024.000000, 65535.996094))
WARNING: BSP node with unbounded volume (material: <NO BRUSH>, near (2048.000000, 3072.000000, 65535.996094))
WARNING: BSP node with unbounded volume (material: <NO BRUSH>, near (3080.000000, 3072.000000, 65535.996094))
WARNING: BSP node with unbounded volume (material: <NO BRUSH>, near (3072.000000, 3072.000000, 65535.996094))
WARNING: BSP node with unbounded volume (material: <NO BRUSH>, near (3072.000000, 3072.000000, 65535.996094))
WARNING: BSP node with unbounded volume (material: <NO BRUSH>, near (3080.000000, 3072.000000, 65535.996094))
WARNING: BSP node with unbounded volume (material: <NO BRUSH>, near (3080.000000, 2048.000000, 65535.996094))
WARNING: BSP node with unbounded volume (material: WOOD/GRAIN_ELEVATOR_SILO_05, near (3072.000000, 2048.000000, 65535.996094))
WARNING: BSP node with unbounded volume (material: <NO BRUSH>, near (3072.000000, 2112.000000, 65535.996094))
WARNING: BSP node with unbounded volume (material: TOOLS/TOOLSSKYBOX, near (3072.000000, 2048.000000, 65535.996094))
WARNING: BSP node with unbounded volume (material: TOOLS/TOOLSSKYBOX, near (3072.000000, 2112.000000, 65535.996094))



materialPath: D:\SteamLibrary\steamapps\common\Team Fortress 2\tf\materials
Loading C:\Users\andre\OneDrive\Документы\GitHub\MVM\mvm\mvm_ver1.vmf
Brush 1104: bounds out of range
Patching WVT material: maps/mvm_ver1/cp_sunshine/nature/blendrocktograss001_wvt_patch
fixing up env_cubemap materials on brush sides...
0...1...2...3...4...5...6...7...8...9...10WARNING: BSP node with unbounded volume (material: <NO BRUSH>, near (-3080.000000, 3080.000000, 130832.000000))
WARNING: BSP node with unbounded volume (material: <NO BRUSH>, near (3080.000000, 3080.000000, 65535.996094))
WARNING: BSP node with unbounded volume (material: <NO BRUSH>, near (0.000000, 1024.000000, 65535.996094))
WARNING: BSP node with unbounded volume (material: <NO BRUSH>, near (3080.000000, 1024.000000, 65535.996094))
WARNING: BSP node with unbounded volume (material: <NO BRUSH>, near (2048.000000, 3072.000000, 65535.996094))
WARNING: BSP node with unbounded volume (material: <NO BRUSH>, near (3080.000000, 3072.000000, 65535.996094))
WARNING: BSP node with unbounded volume (material: <NO BRUSH>, near (3072.000000, 3072.000000, 65535.996094))
WARNING: BSP node with unbounded volume (material: <NO BRUSH>, near (3072.000000, 3072.000000, 65535.996094))
WARNING: BSP node with unbounded volume (material: <NO BRUSH>, near (3080.000000, 3072.000000, 65535.996094))
WARNING: BSP node with unbounded volume (material: <NO BRUSH>, near (3080.000000, 2048.000000, 65535.996094))
WARNING: BSP node with unbounded volume (material: WOOD/GRAIN_ELEVATOR_SILO_05, near (3072.000000, 2048.000000, 65535.996094))
WARNING: BSP node with unbounded volume (material: <NO BRUSH>, near (3072.000000, 2112.000000, 65535.996094))
WARNING: BSP node with unbounded volume (material: TOOLS/TOOLSSKYBOX, near (3072.000000, 2048.000000, 65535.996094))
WARNING: BSP node with unbounded volume (material: TOOLS/TOOLSSKYBOX, near (3072.000000, 2112.000000, 65535.996094))



materialPath: D:\SteamLibrary\steamapps\common\Team Fortress 2\tf\materials
Loading C:\Users\andre\OneDrive\Документы\GitHub\MVM\mvm\mvm_ver1.vmf
Brush 1104: bounds out of range
Patching WVT material: maps/mvm_ver1/cp_sunshine/nature/blendrocktograss001_wvt_patch
fixing up env_cubemap materials on brush sides...
0...1...2...3...4...5...6...7...8...9...10WARNING: BSP node with unbounded volume (material: <NO BRUSH>, near (-3080.000000, 3080.000000, 130832.000000))
WARNING: BSP node with unbounded volume (material: <NO BRUSH>, near (3080.000000, 3080.000000, 65535.996094))
WARNING: BSP node with unbounded volume (material: <NO BRUSH>, near (0.000000, 1024.000000, 65535.996094))
WARNING: BSP node with unbounded volume (material: <NO BRUSH>, near (3080.000000, 1024.000000, 65535.996094))
WARNING: BSP node with unbounded volume (material: <NO BRUSH>, near (2048.000000, 3072.000000, 65535.996094))
WARNING: BSP node with unbounded volume (material: <NO BRUSH>, near (3080.000000, 3072.000000, 65535.996094))
WARNING: BSP node with unbounded volume (material: <NO BRUSH>, near (3072.000000, 3072.000000, 65535.996094))
WARNING: BSP node with unbounded volume (material: <NO BRUSH>, near (3072.000000, 3072.000000, 65535.996094))
WARNING: BSP node with unbounded volume (material: <NO BRUSH>, near (3080.000000, 3072.000000, 65535.996094))
WARNING: BSP node with unbounded volume (material: <NO BRUSH>, near (3080.000000, 2048.000000, 65535.996094))
WARNING: BSP node with unbounded volume (material: WOOD/GRAIN_ELEVATOR_SILO_05, near (3072.000000, 2048.000000, 65535.996094))
WARNING: BSP node with unbounded volume (material: <NO BRUSH>, near (3072.000000, 2112.000000, 65535.996094))
WARNING: BSP node with unbounded volume (material: TOOLS/TOOLSSKYBOX, near (3072.000000, 2048.000000, 65535.996094))
WARNING: BSP node with unbounded volume (material: TOOLS/TOOLSSKYBOX, near (3072.000000, 2112.000000, 65535.996094))



materialPath: D:\SteamLibrary\steamapps\common\Team Fortress 2\tf\materials
Loading C:\Users\andre\OneDrive\Документы\GitHub\MVM\mvm\mvm_ver1.vmf
Brush 1104: bounds out of range
Patching WVT material: maps/mvm_ver1/cp_sunshine/nature/blendrocktograss001_wvt_patch
fixing up env_cubemap materials on brush sides...
0...1...2...3...4...5...6...7...8...9...10WARNING: BSP node with unbounded volume (material: <NO BRUSH>, near (-3080.000000, 3080.000000, 130832.000000))
WARNING: BSP node with unbounded volume (material: <NO BRUSH>, near (3080.000000, 3080.000000, 65535.996094))
WARNING: BSP node with unbounded volume (material: <NO BRUSH>, near (0.000000, 1024.000000, 65535.996094))
WARNING: BSP node with unbounded volume (material: <NO BRUSH>, near (3080.000000, 1024.000000, 65535.996094))
WARNING: BSP node with unbounded volume (material: <NO BRUSH>, near (2048.000000, 3072.000000, 65535.996094))
WARNING: BSP node with unbounded volume (material: <NO BRUSH>, near (3080.000000, 3072.000000, 65535.996094))
WARNING: BSP node with unbounded volume (material: <NO BRUSH>, near (3072.000000, 3072.000000, 65535.996094))
WARNING: BSP node with unbounded volume (material: <NO BRUSH>, near (3072.000000, 3072.000000, 65535.996094))
WARNING: BSP node with unbounded volume (material: <NO BRUSH>, near (3080.000000, 3072.000000, 65535.996094))
WARNING: BSP node with unbounded volume (material: <NO BRUSH>, near (3080.000000, 2048.000000, 65535.996094))
WARNING: BSP node with unbounded volume (material: WOOD/GRAIN_ELEVATOR_SILO_05, near (3072.000000, 2048.000000, 65535.996094))
WARNING: BSP node with unbounded volume (material: <NO BRUSH>, near (3072.000000, 2112.000000, 65535.996094))
WARNING: BSP node with unbounded volume (material: TOOLS/TOOLSSKYBOX, near (3072.000000, 2048.000000, 65535.996094))
WARNING: BSP node with unbounded volume (material: TOOLS/TOOLSSKYBOX, near (3072.000000, 2112.000000, 65535.996094))



materialPath: D:\SteamLibrary\steamapps\common\Team Fortress 2\tf\materials
Loading C:\Users\andre\OneDrive\Документы\GitHub\MVM\mvm\mvm_ver1.vmf
Patching WVT material: maps/mvm_ver1/cp_sunshine/nature/blendrocktograss001_wvt_patch
fixing up env_cubemap materials on brush sides...
0...1...2...3...4...5...6...7...8...9...100...1...2...3...4...5...6...7...8...9...10Processing areas...done (0)
Building Faces...done (0)
FixTjuncs...
PruneNodes...
WriteBSP...
done (0)
writing C:\Users\andre\OneDrive\Документы\GitHub\MVM\mvm\mvm_ver1.prt...Building visibility clusters...
done (0)
Creating default LDR cubemaps for env_cubemap using skybox materials:
   skybox/sky_day01_01*.vmt
 ! Run buildcubemaps in the engine to get the correct cube maps.
Creating default HDR cubemaps for env_cubemap using skybox materials:
   skybox/sky_day01_01*.vmt
 ! Run buildcubemaps in the engine to get the correct cube maps.
Finding displacement neighbors...
Finding lightmap sample positions...
Displacement Alpha : 0...1...2...3...4...5...6...7...8...9...10
Building Physics collision data...
done (0) (14190 bytes)
Error loading studio model "models/lilchewchew/lilchewchew_gry.mdl"!
Error! To use model "models/player/demo.mdl"
      with prop_static, it must be compiled with $staticprop!
Error loading studio model "models/player/demo.mdl"!
Placing detail props : 0...1...2...3...4...5...6...7...8...9...10
Compacting texture/material tables...
Reduced 41 texinfos to 24
Reduced 9 texdatas to 7 (278 bytes to 197)
Writing C:\Users\andre\OneDrive\Документы\GitHub\MVM\mvm\mvm_ver1.bsp
MSG_FILEWRITE - Filesystem was asked to write to 'C:\Users\andre\OneDrive\Документы\GitHub\MVM\mvm\mvm_ver1.bsp', but we don't own that location. Allowing.
Wrote ZIP buffer, estimated size 212717, actual size 211967
0 seconds elapsed



8 threads
reading c:\users\andre\onedrive\Документы\github\mvm\mvm\mvm_ver1.bsp
reading c:\users\andre\onedrive\Документы\github\mvm\mvm\mvm_ver1.prt
 123 portalclusters
 327 numportals
0...1...2...3...4...5...6...7...8...9...100...1...2...3...4...5...6...7...8...9...10Optimized: 11 visible clusters (0.11%)
Total clusters visible: 10464
Average clusters visible: 85
Building PAS...
Average clusters audible: 123
visdatasize:4962  compressed from 3936
writing c:\users\andre\onedrive\Документы\github\mvm\mvm\mvm_ver1.bsp
MSG_FILEWRITE - Filesystem was asked to write to 'c:\users\andre\onedrive\Документы\github\mvm\mvm\mvm_ver1.bsp', but we don't own that location. Allowing.
0 seconds elapsed



[Reading texlights from 'lights.rad']
[56 texlights parsed from 'lights.rad']

Loading c:\users\andre\onedrive\Документы\github\mvm\mvm\mvm_ver1.bsp
620 faces
712201 square feet [102556960.00 square inches]
0 Displacements
0 Square Feet [0.00 Square Inches]
620 patches before subdivision
34662 patches after subdivision
0 direct lights
0...1...2...3...4...5...6...7...8...9...100...1...2...3...4...5...6...7...8...9...10transfers 1541811, max 415
transfer lists:  11.8 megs
0...1...2...3...4...5...6...7...8...9...10	Bounce #1 added RGB(0, 0, 0)
Build Patch/Sample Hash Table(s).....Done<0.0077 sec>
0...1...2...3...4...5...6...7...8...9...10FinalLightFace Done
0 of 0 (0% of) surface lights went in leaf ambient cubes.
0...1...2...3...4...5...6...7...8...9...10Writing leaf ambient...done
Ready to Finish

Object names       Objects/Maxobjs  Memory / Maxmem  Fullness 
------------       ---------------  ---------------  -------- 
models                   4/1024          192/49152    ( 0.4%) 
brushes                 38/8192          456/98304    ( 0.5%) 
brushsides             237/65536        1896/524288   ( 0.4%) 
planes                 196/65536        3920/1310720  ( 0.3%) 
vertexes               822/65536        9864/786432   ( 1.3%) 
nodes                  299/65536        9568/2097152  ( 0.5%) 
texinfos                24/12288        1728/884736   ( 0.2%) 
texdata                  7/2048          224/65536    ( 0.3%) 
dispinfos                0/0               0/0        ( 0.0%) 
disp_verts               0/0               0/0        ( 0.0%) 
disp_tris                0/0               0/0        ( 0.0%) 
disp_lmsamples           0/0               0/0        ( 0.0%) 
faces                  620/65536       34720/3670016  ( 0.9%) 
hdr faces                0/65536           0/3670016  ( 0.0%) 
origfaces              122/65536        6832/3670016  ( 0.2%) 
leaves                 304/65536        9728/2097152  ( 0.5%) 
leaffaces              700/65536        1400/131072   ( 1.1%) 
leafbrushes            157/65536         314/131072   ( 0.2%) 
areas                    2/256            16/2048     ( 0.8%) 
surfedges             3259/512000      13036/2048000  ( 0.6%) 
edges                 1732/256000       6928/1024000  ( 0.7%) 
LDR worldlights          0/8192            0/720896   ( 0.0%) 
HDR worldlights          0/8192            0/720896   ( 0.0%) 
leafwaterdata            0/32768           0/393216   ( 0.0%) 
waterstrips             48/32768         480/327680   ( 0.1%) 
waterverts               0/65536           0/786432   ( 0.0%) 
waterindices           612/65536        1224/131072   ( 0.9%) 
cubemapsamples           0/1024            0/16384    ( 0.0%) 
overlays                 0/512             0/180224   ( 0.0%) 
LDR lightdata         [variable]     1045736/0        ( 0.0%) 
HDR lightdata         [variable]           0/0        ( 0.0%) 
visdata               [variable]        4962/16777216 ( 0.0%) 
entdata               [variable]        2423/393216   ( 0.6%) 
LDR ambient table      304/65536        1216/262144   ( 0.5%) 
HDR ambient table      304/65536        1216/262144   ( 0.5%) 
LDR leaf ambient       141/65536        3948/1835008  ( 0.2%) 
HDR leaf ambient       304/65536        8512/1835008  ( 0.5%) 
occluders                0/0               0/0        ( 0.0%) 
occluder polygons        0/0               0/0        ( 0.0%) 
occluder vert ind        0/0               0/0        ( 0.0%) 
detail props          [variable]           1/12       ( 8.3%) 
static props          [variable]           1/1450     ( 0.1%) 
pakfile               [variable]      211967/0        ( 0.0%) 
physics               [variable]       14190/4194304  ( 0.3%) 
physics terrain       [variable]           2/1048576  ( 0.0%) 

Level flags = 0

Total triangle count: 1531
Writing c:\users\andre\onedrive\Документы\github\mvm\mvm\mvm_ver1.bsp
1 second elapsed



materialPath: D:\SteamLibrary\steamapps\common\Team Fortress 2\tf\materials
Loading C:\Users\andre\OneDrive\Документы\GitHub\MVM\mvm\mvm_ver1.vmf
Patching WVT material: maps/mvm_ver1/cp_sunshine/nature/blendrocktograss001_wvt_patch
fixing up env_cubemap materials on brush sides...
0...1...2...3...4...5...6...7...8...9...100...1...2...3...4...5...6...7...8...9...10Processing areas...done (0)
Building Faces...done (0)
FixTjuncs...
PruneNodes...
WriteBSP...
done (0)
writing C:\Users\andre\OneDrive\Документы\GitHub\MVM\mvm\mvm_ver1.prt...Building visibility clusters...
done (0)
Creating default LDR cubemaps for env_cubemap using skybox materials:
   skybox/sky_day01_01*.vmt
 ! Run buildcubemaps in the engine to get the correct cube maps.
Creating default HDR cubemaps for env_cubemap using skybox materials:
   skybox/sky_day01_01*.vmt
 ! Run buildcubemaps in the engine to get the correct cube maps.
Finding displacement neighbors...
Finding lightmap sample positions...
Displacement Alpha : 0...1...2...3...4...5...6...7...8...9...10
Building Physics collision data...
done (0) (18150 bytes)
Error! To use model "models/player/demo.mdl"
      with prop_static, it must be compiled with $staticprop!
Error loading studio model "models/player/demo.mdl"!
Error loading studio model "models/lilchewchew/lilchewchew_gry.mdl"!
Placing detail props : 0...1...2...3...4...5...6...7...8...9...10
Compacting texture/material tables...
Reduced 85 texinfos to 46
Reduced 9 texdatas to 7 (278 bytes to 197)
Writing C:\Users\andre\OneDrive\Документы\GitHub\MVM\mvm\mvm_ver1.bsp
MSG_FILEWRITE - Filesystem was asked to write to 'C:\Users\andre\OneDrive\Документы\GitHub\MVM\mvm\mvm_ver1.bsp', but we don't own that location. Allowing.
Wrote ZIP buffer, estimated size 212717, actual size 211967
0 seconds elapsed



8 threads
reading c:\users\andre\onedrive\Документы\github\mvm\mvm\mvm_ver1.bsp
reading c:\users\andre\onedrive\Документы\github\mvm\mvm\mvm_ver1.prt
 186 portalclusters
 513 numportals
0...1...2...3...4...5...6...7...8...9...100...1...2...3...4...5...6...7...8...9...10Optimized: 31 visible clusters (0.14%)
Total clusters visible: 22265
Average clusters visible: 119
Building PAS...
Average clusters audible: 185
visdatasize:10603  compressed from 8928
writing c:\users\andre\onedrive\Документы\github\mvm\mvm\mvm_ver1.bsp
MSG_FILEWRITE - Filesystem was asked to write to 'c:\users\andre\onedrive\Документы\github\mvm\mvm\mvm_ver1.bsp', but we don't own that location. Allowing.
0 seconds elapsed



[Reading texlights from 'lights.rad']
[56 texlights parsed from 'lights.rad']

Loading c:\users\andre\onedrive\Документы\github\mvm\mvm\mvm_ver1.bsp
962 faces
1044910 square feet [150467040.00 square inches]
0 Displacements
0 Square Feet [0.00 Square Inches]
962 patches before subdivision
53094 patches after subdivision
0 direct lights
0...1...2...3...4...5...6...7...8...9...100...1...2...3...4...5...6...7...8...9...10transfers 2696320, max 476
transfer lists:  20.6 megs
0...1...2...3...4...5...6...7...8...9...10	Bounce #1 added RGB(0, 0, 0)
Build Patch/Sample Hash Table(s).....Done<0.0147 sec>
0...1...2...3...4...5...6...7...8...9...10FinalLightFace Done
0 of 0 (0% of) surface lights went in leaf ambient cubes.
0...1...2...3...4...5...6...7...8...9...10Writing leaf ambient...done
Ready to Finish

Object names       Objects/Maxobjs  Memory / Maxmem  Fullness 
------------       ---------------  ---------------  -------- 
models                   4/1024          192/49152    ( 0.4%) 
brushes                 49/8192          588/98304    ( 0.6%) 
brushsides             303/65536        2424/524288   ( 0.5%) 
planes                 234/65536        4680/1310720  ( 0.4%) 
vertexes              1224/65536       14688/786432   ( 1.9%) 
nodes                  414/65536       13248/2097152  ( 0.6%) 
texinfos                46/12288        3312/884736   ( 0.4%) 
texdata                  7/2048          224/65536    ( 0.3%) 
dispinfos                0/0               0/0        ( 0.0%) 
disp_verts               0/0               0/0        ( 0.0%) 
disp_tris                0/0               0/0        ( 0.0%) 
disp_lmsamples           0/0               0/0        ( 0.0%) 
faces                  962/65536       53872/3670016  ( 1.5%) 
hdr faces                0/65536           0/3670016  ( 0.0%) 
origfaces              170/65536        9520/3670016  ( 0.3%) 
leaves                 419/65536       13408/2097152  ( 0.6%) 
leaffaces             1111/65536        2222/131072   ( 1.7%) 
leafbrushes            207/65536         414/131072   ( 0.3%) 
areas                    2/256            16/2048     ( 0.8%) 
surfedges             4947/512000      19788/2048000  ( 1.0%) 
edges                 2605/256000      10420/1024000  ( 1.0%) 
LDR worldlights          0/8192            0/720896   ( 0.0%) 
HDR worldlights          0/8192            0/720896   ( 0.0%) 
leafwaterdata            0/32768           0/393216   ( 0.0%) 
waterstrips             59/32768         590/327680   ( 0.2%) 
waterverts               0/65536           0/786432   ( 0.0%) 
waterindices           756/65536        1512/131072   ( 1.2%) 
cubemapsamples           0/1024            0/16384    ( 0.0%) 
overlays                 0/512             0/180224   ( 0.0%) 
LDR lightdata         [variable]     2179452/0        ( 0.0%) 
HDR lightdata         [variable]           0/0        ( 0.0%) 
visdata               [variable]       10603/16777216 ( 0.1%) 
entdata               [variable]        2424/393216   ( 0.6%) 
LDR ambient table      419/65536        1676/262144   ( 0.6%) 
HDR ambient table      419/65536        1676/262144   ( 0.6%) 
LDR leaf ambient       204/65536        5712/1835008  ( 0.3%) 
HDR leaf ambient       419/65536       11732/1835008  ( 0.6%) 
occluders                0/0               0/0        ( 0.0%) 
occluder polygons        0/0               0/0        ( 0.0%) 
occluder vert ind        0/0               0/0        ( 0.0%) 
detail props          [variable]           1/12       ( 8.3%) 
static props          [variable]           1/1450     ( 0.1%) 
pakfile               [variable]      211967/0        ( 0.0%) 
physics               [variable]       18150/4194304  ( 0.4%) 
physics terrain       [variable]           2/1048576  ( 0.0%) 

Level flags = 0

Total triangle count: 2343
Writing c:\users\andre\onedrive\Документы\github\mvm\mvm\mvm_ver1.bsp
1 second elapsed



materialPath: D:\SteamLibrary\steamapps\common\Team Fortress 2\tf\materials
Loading C:\Users\andre\OneDrive\Документы\GitHub\MVM\mvm\mvm_ver1.vmf
Patching WVT material: maps/mvm_ver1/cp_sunshine/nature/blendrocktograss001_wvt_patch
fixing up env_cubemap materials on brush sides...
0...1...2...3...4...5...6...7...8...9...100...1...2...3...4...5...6...7...8...9...10Processing areas...done (0)
Building Faces...done (0)
FixTjuncs...
PruneNodes...
WriteBSP...
done (0)
writing C:\Users\andre\OneDrive\Документы\GitHub\MVM\mvm\mvm_ver1.prt...Building visibility clusters...
done (0)
Creating default LDR cubemaps for env_cubemap using skybox materials:
   skybox/sky_day01_01*.vmt
 ! Run buildcubemaps in the engine to get the correct cube maps.
Creating default HDR cubemaps for env_cubemap using skybox materials:
   skybox/sky_day01_01*.vmt
 ! Run buildcubemaps in the engine to get the correct cube maps.
Finding displacement neighbors...
Finding lightmap sample positions...
Displacement Alpha : 0...1...2...3...4...5...6...7...8...9...10
Building Physics collision data...
done (0) (18150 bytes)
Error! To use model "models/player/demo.mdl"
      with prop_static, it must be compiled with $staticprop!
Error loading studio model "models/player/demo.mdl"!
Error loading studio model "models/lilchewchew/lilchewchew_gry.mdl"!
Placing detail props : 0...1...2...3...4...5...6...7...8...9...10
Compacting texture/material tables...
Reduced 85 texinfos to 46
Reduced 9 texdatas to 7 (278 bytes to 197)
Writing C:\Users\andre\OneDrive\Документы\GitHub\MVM\mvm\mvm_ver1.bsp
MSG_FILEWRITE - Filesystem was asked to write to 'C:\Users\andre\OneDrive\Документы\GitHub\MVM\mvm\mvm_ver1.bsp', but we don't own that location. Allowing.
Wrote ZIP buffer, estimated size 212717, actual size 211967
0 seconds elapsed



8 threads
reading c:\users\andre\onedrive\Документы\github\mvm\mvm\mvm_ver1.bsp
reading c:\users\andre\onedrive\Документы\github\mvm\mvm\mvm_ver1.prt
 186 portalclusters
 513 numportals
0...1...2...3...4...5...6...7...8...9...100...1...2...3...4...5...6...7...8...9...10Optimized: 31 visible clusters (0.14%)
Total clusters visible: 22265
Average clusters visible: 119
Building PAS...
Average clusters audible: 185
visdatasize:10603  compressed from 8928
writing c:\users\andre\onedrive\Документы\github\mvm\mvm\mvm_ver1.bsp
MSG_FILEWRITE - Filesystem was asked to write to 'c:\users\andre\onedrive\Документы\github\mvm\mvm\mvm_ver1.bsp', but we don't own that location. Allowing.
0 seconds elapsed



[Reading texlights from 'lights.rad']
[56 texlights parsed from 'lights.rad']

Loading c:\users\andre\onedrive\Документы\github\mvm\mvm\mvm_ver1.bsp
962 faces
1044910 square feet [150467040.00 square inches]
0 Displacements
0 Square Feet [0.00 Square Inches]
962 patches before subdivision
53094 patches after subdivision
0 direct lights
0...1...2...3...4...5...6...7...8...9...100...1...2...3...4...5...6...7...8...9...10transfers 2696320, max 476
transfer lists:  20.6 megs
0...1...2...3...4...5...6...7...8...9...10	Bounce #1 added RGB(0, 0, 0)
Build Patch/Sample Hash Table(s).....Done<0.0145 sec>
0...1...2...3...4...5...6...7...8...9...10FinalLightFace Done
0 of 0 (0% of) surface lights went in leaf ambient cubes.
0...1...2...3...4...5...6...7...8...9...10Writing leaf ambient...done
Ready to Finish

Object names       Objects/Maxobjs  Memory / Maxmem  Fullness 
------------       ---------------  ---------------  -------- 
models                   4/1024          192/49152    ( 0.4%) 
brushes                 49/8192          588/98304    ( 0.6%) 
brushsides             303/65536        2424/524288   ( 0.5%) 
planes                 234/65536        4680/1310720  ( 0.4%) 
vertexes              1224/65536       14688/786432   ( 1.9%) 
nodes                  414/65536       13248/2097152  ( 0.6%) 
texinfos                46/12288        3312/884736   ( 0.4%) 
texdata                  7/2048          224/65536    ( 0.3%) 
dispinfos                0/0               0/0        ( 0.0%) 
disp_verts               0/0               0/0        ( 0.0%) 
disp_tris                0/0               0/0        ( 0.0%) 
disp_lmsamples           0/0               0/0        ( 0.0%) 
faces                  962/65536       53872/3670016  ( 1.5%) 
hdr faces                0/65536           0/3670016  ( 0.0%) 
origfaces              170/65536        9520/3670016  ( 0.3%) 
leaves                 419/65536       13408/2097152  ( 0.6%) 
leaffaces             1111/65536        2222/131072   ( 1.7%) 
leafbrushes            207/65536         414/131072   ( 0.3%) 
areas                    2/256            16/2048     ( 0.8%) 
surfedges             4947/512000      19788/2048000  ( 1.0%) 
edges                 2605/256000      10420/1024000  ( 1.0%) 
LDR worldlights          0/8192            0/720896   ( 0.0%) 
HDR worldlights          0/8192            0/720896   ( 0.0%) 
leafwaterdata            0/32768           0/393216   ( 0.0%) 
waterstrips             59/32768         590/327680   ( 0.2%) 
waterverts               0/65536           0/786432   ( 0.0%) 
waterindices           756/65536        1512/131072   ( 1.2%) 
cubemapsamples           0/1024            0/16384    ( 0.0%) 
overlays                 0/512             0/180224   ( 0.0%) 
LDR lightdata         [variable]     2179452/0        ( 0.0%) 
HDR lightdata         [variable]           0/0        ( 0.0%) 
visdata               [variable]       10603/16777216 ( 0.1%) 
entdata               [variable]        2424/393216   ( 0.6%) 
LDR ambient table      419/65536        1676/262144   ( 0.6%) 
HDR ambient table      419/65536        1676/262144   ( 0.6%) 
LDR leaf ambient       204/65536        5712/1835008  ( 0.3%) 
HDR leaf ambient       419/65536       11732/1835008  ( 0.6%) 
occluders                0/0               0/0        ( 0.0%) 
occluder polygons        0/0               0/0        ( 0.0%) 
occluder vert ind        0/0               0/0        ( 0.0%) 
detail props          [variable]           1/12       ( 8.3%) 
static props          [variable]           1/1450     ( 0.1%) 
pakfile               [variable]      211967/0        ( 0.0%) 
physics               [variable]       18150/4194304  ( 0.4%) 
physics terrain       [variable]           2/1048576  ( 0.0%) 

Level flags = 0

Total triangle count: 2343
Writing c:\users\andre\onedrive\Документы\github\mvm\mvm\mvm_ver1.bsp
1 second elapsed



materialPath: D:\SteamLibrary\steamapps\common\Team Fortress 2\tf\materials
Loading C:\Users\andre\OneDrive\Документы\GitHub\MVM\mvm\mvm_ver1.vmf
Patching WVT material: maps/mvm_ver1/cp_sunshine/nature/blendrocktograss001_wvt_patch
fixing up env_cubemap materials on brush sides...
0...1...2...3...4...5...6...7...8...9...100...1...2...3...4...5...6...7...8...9...10Processing areas...done (0)
Building Faces...done (0)
FixTjuncs...
PruneNodes...
WriteBSP...
done (0)
writing C:\Users\andre\OneDrive\Документы\GitHub\MVM\mvm\mvm_ver1.prt...Building visibility clusters...
done (0)
Creating default LDR cubemaps for env_cubemap using skybox materials:
   skybox/sky_day01_01*.vmt
 ! Run buildcubemaps in the engine to get the correct cube maps.
Creating default HDR cubemaps for env_cubemap using skybox materials:
   skybox/sky_day01_01*.vmt
 ! Run buildcubemaps in the engine to get the correct cube maps.
Finding displacement neighbors...
Finding lightmap sample positions...
Displacement Alpha : 0...1...2...3...4...5...6...7...8...9...10
Building Physics collision data...
done (0) (18150 bytes)
Error! To use model "models/player/demo.mdl"
      with prop_static, it must be compiled with $staticprop!
Error loading studio model "models/player/demo.mdl"!
Error loading studio model "models/lilchewchew/lilchewchew_gry.mdl"!
Placing detail props : 0...1...2...3...4...5...6...7...8...9...10
Compacting texture/material tables...
Reduced 85 texinfos to 46
Reduced 9 texdatas to 7 (278 bytes to 197)
Writing C:\Users\andre\OneDrive\Документы\GitHub\MVM\mvm\mvm_ver1.bsp
MSG_FILEWRITE - Filesystem was asked to write to 'C:\Users\andre\OneDrive\Документы\GitHub\MVM\mvm\mvm_ver1.bsp', but we don't own that location. Allowing.
Wrote ZIP buffer, estimated size 212717, actual size 211967
0 seconds elapsed



8 threads
reading c:\users\andre\onedrive\Документы\github\mvm\mvm\mvm_ver1.bsp
reading c:\users\andre\onedrive\Документы\github\mvm\mvm\mvm_ver1.prt
 186 portalclusters
 513 numportals
0...1...2...3...4...5...6...7...8...9...100...1...2...3...4...5...6...7...8...9...10Optimized: 31 visible clusters (0.14%)
Total clusters visible: 22265
Average clusters visible: 119
Building PAS...
Average clusters audible: 185
visdatasize:10603  compressed from 8928
writing c:\users\andre\onedrive\Документы\github\mvm\mvm\mvm_ver1.bsp
MSG_FILEWRITE - Filesystem was asked to write to 'c:\users\andre\onedrive\Документы\github\mvm\mvm\mvm_ver1.bsp', but we don't own that location. Allowing.
0 seconds elapsed



[Reading texlights from 'lights.rad']
[56 texlights parsed from 'lights.rad']

Loading c:\users\andre\onedrive\Документы\github\mvm\mvm\mvm_ver1.bsp
962 faces
1044910 square feet [150467040.00 square inches]
0 Displacements
0 Square Feet [0.00 Square Inches]
962 patches before subdivision
53094 patches after subdivision
0 direct lights
0...1...2...3...4...5...6...7...8...9...100...1...2...3...4...5...6...7...8...9...10transfers 2696320, max 476
transfer lists:  20.6 megs
0...1...2...3...4...5...6...7...8...9...10	Bounce #1 added RGB(0, 0, 0)
Build Patch/Sample Hash Table(s).....Done<0.0150 sec>
0...1...2...3...4...5...6...7...8...9...10FinalLightFace Done
0 of 0 (0% of) surface lights went in leaf ambient cubes.
0...1...2...3...4...5...6...7...8...9...10Writing leaf ambient...done
Ready to Finish

Object names       Objects/Maxobjs  Memory / Maxmem  Fullness 
------------       ---------------  ---------------  -------- 
models                   4/1024          192/49152    ( 0.4%) 
brushes                 49/8192          588/98304    ( 0.6%) 
brushsides             303/65536        2424/524288   ( 0.5%) 
planes                 234/65536        4680/1310720  ( 0.4%) 
vertexes              1224/65536       14688/786432   ( 1.9%) 
nodes                  414/65536       13248/2097152  ( 0.6%) 
texinfos                46/12288        3312/884736   ( 0.4%) 
texdata                  7/2048          224/65536    ( 0.3%) 
dispinfos                0/0               0/0        ( 0.0%) 
disp_verts               0/0               0/0        ( 0.0%) 
disp_tris                0/0               0/0        ( 0.0%) 
disp_lmsamples           0/0               0/0        ( 0.0%) 
faces                  962/65536       53872/3670016  ( 1.5%) 
hdr faces                0/65536           0/3670016  ( 0.0%) 
origfaces              170/65536        9520/3670016  ( 0.3%) 
leaves                 419/65536       13408/2097152  ( 0.6%) 
leaffaces             1111/65536        2222/131072   ( 1.7%) 
leafbrushes            207/65536         414/131072   ( 0.3%) 
areas                    2/256            16/2048     ( 0.8%) 
surfedges             4947/512000      19788/2048000  ( 1.0%) 
edges                 2605/256000      10420/1024000  ( 1.0%) 
LDR worldlights          0/8192            0/720896   ( 0.0%) 
HDR worldlights          0/8192            0/720896   ( 0.0%) 
leafwaterdata            0/32768           0/393216   ( 0.0%) 
waterstrips             59/32768         590/327680   ( 0.2%) 
waterverts               0/65536           0/786432   ( 0.0%) 
waterindices           756/65536        1512/131072   ( 1.2%) 
cubemapsamples           0/1024            0/16384    ( 0.0%) 
overlays                 0/512             0/180224   ( 0.0%) 
LDR lightdata         [variable]     2179452/0        ( 0.0%) 
HDR lightdata         [variable]           0/0        ( 0.0%) 
visdata               [variable]       10603/16777216 ( 0.1%) 
entdata               [variable]        2424/393216   ( 0.6%) 
LDR ambient table      419/65536        1676/262144   ( 0.6%) 
HDR ambient table      419/65536        1676/262144   ( 0.6%) 
LDR leaf ambient       204/65536        5712/1835008  ( 0.3%) 
HDR leaf ambient       419/65536       11732/1835008  ( 0.6%) 
occluders                0/0               0/0        ( 0.0%) 
occluder polygons        0/0               0/0        ( 0.0%) 
occluder vert ind        0/0               0/0        ( 0.0%) 
detail props          [variable]           1/12       ( 8.3%) 
static props          [variable]           1/1450     ( 0.1%) 
pakfile               [variable]      211967/0        ( 0.0%) 
physics               [variable]       18150/4194304  ( 0.4%) 
physics terrain       [variable]           2/1048576  ( 0.0%) 

Level flags = 0

Total triangle count: 2343
Writing c:\users\andre\onedrive\Документы\github\mvm\mvm\mvm_ver1.bsp
1 second elapsed
