PRT1
180
566
4 0 2 (3040 4096 3132 ) (2048 4096 3132 ) (2048 4096 -640 ) (3040 4096 -640 ) 
4 0 1 (2048 4096 -640 ) (2048 4096 3132 ) (2048 5112 3132 ) (2048 5112 -640 ) 
4 1 13 (1024 4096 -640 ) (1024 4096 3132 ) (1024 5112 3132 ) (1024 5112 -640 ) 
4 1 3 (2048 4096 -640 ) (2048 4096 3132 ) (1024 4096 3132 ) (1024 4096 -640 ) 
4 2 4 (2048 3072 3132 ) (2048 3072 -640 ) (3040 3072 -640 ) (3040 3072 3132 ) 
4 2 3 (2048 4096 3132 ) (2048 4096 -640 ) (2048 3072 -640 ) (2048 3072 3132 ) 
4 3 17 (1024 3072 -640 ) (1024 3072 3132 ) (1024 4096 3132 ) (1024 4096 -640 ) 
4 3 10 (2048 3072 -640 ) (2048 3072 128 ) (1024 3072 128 ) (1024 3072 -640 ) 
4 3 6 (1664 3072 3132 ) (1242 3072 3132 ) (1242 3072 128 ) (1664 3072 128 ) 
4 3 5 (2048 3072 128 ) (2048 3072 3132 ) (1664 3072 3132 ) (1664 3072 128 ) 
4 3 9 (1242 3072 3132 ) (1024 3072 3132 ) (1024 3072 128 ) (1242 3072 128 ) 
4 4 11 (2048 2048 3132 ) (2048 2048 -640 ) (3040 2048 -640 ) (3040 2048 3132 ) 
4 4 10 (2048 2048 -640 ) (2048 2048 128 ) (2048 3072 128 ) (2048 3072 -640 ) 
4 4 5 (2048 2048 128 ) (2048 2048 3132 ) (2048 3072 3132 ) (2048 3072 128 ) 
4 5 12 (1664 2048 128 ) (2048 2048 128 ) (2048 2048 3132 ) (1664 2048 3132 ) 
4 5 10 (1664 3072 128 ) (2048 3072 128 ) (2048 2048 128 ) (1664 2048 128 ) 
4 5 7 (1664 2560 192 ) (1664 2560 3132 ) (1664 2624 3132 ) (1664 2624 192 ) 
4 5 6 (1664 3072 128 ) (1664 2624 128 ) (1664 2624 3132 ) (1664 3072 3132 ) 
4 5 8 (1664 2560 128 ) (1664 2048 128 ) (1664 2048 3132 ) (1664 2560 3132 ) 
4 6 10 (1242 3072 128 ) (1664 3072 128 ) (1664 2624 128 ) (1242 2624 128 ) 
4 6 7 (1242 2624 3132 ) (1242 2624 192 ) (1664 2624 192 ) (1664 2624 3132 ) 
4 6 9 (1242 3072 128 ) (1242 2624 128 ) (1242 2624 3132 ) (1242 3072 3132 ) 
4 7 9 (1242 2560 192 ) (1242 2560 3132 ) (1242 2624 3132 ) (1242 2624 192 ) 
4 7 8 (1242 2560 3132 ) (1242 2560 192 ) (1664 2560 192 ) (1664 2560 3132 ) 
4 8 12 (1242 2048 128 ) (1664 2048 128 ) (1664 2048 3132 ) (1242 2048 3132 ) 
4 8 10 (1664 2560 128 ) (1664 2048 128 ) (1242 2048 128 ) (1242 2560 128 ) 
4 8 9 (1242 2560 128 ) (1242 2048 128 ) (1242 2048 3132 ) (1242 2560 3132 ) 
4 9 19 (1024 2048 128 ) (1024 2048 3132 ) (1024 3072 3132 ) (1024 3072 128 ) 
4 9 12 (1024 2048 3132 ) (1024 2048 128 ) (1242 2048 128 ) (1242 2048 3132 ) 
4 9 10 (1024 3072 128 ) (1242 3072 128 ) (1242 2048 128 ) (1024 2048 128 ) 
4 10 19 (1024 2048 -640 ) (1024 2048 128 ) (1024 3072 128 ) (1024 3072 -640 ) 
4 10 12 (1024 2048 128 ) (1024 2048 -640 ) (2048 2048 -640 ) (2048 2048 128 ) 
4 11 37 (2048 1024 3132 ) (2048 1024 -640 ) (3040 1024 -640 ) (3040 1024 3132 ) 
4 11 12 (2048 2048 3132 ) (2048 2048 -640 ) (2048 1024 -640 ) (2048 1024 3132 ) 
4 12 47 (2048 1024 -640 ) (2048 1024 -192 ) (1024 1024 -192 ) (1024 1024 -640 ) 
4 12 39 (1408 1024 3132 ) (1024 1024 3132 ) (1024 1024 -192 ) (1408 1024 -192 ) 
4 12 38 (2048 1024 -192 ) (2048 1024 3132 ) (1408 1024 3132 ) (1408 1024 -192 ) 
4 12 25 (1024 1024 -640 ) (1024 1024 512 ) (1024 2048 512 ) (1024 2048 -640 ) 
4 12 21 (1024 1024 512 ) (1024 1024 3132 ) (1024 2048 3132 ) (1024 2048 512 ) 
4 13 17 (1024 4096 -640 ) (1024 4096 3132 ) (0 4096 3132 ) (0 4096 -640 ) 
4 13 14 (0 4096 -640 ) (0 4096 3132 ) (0 5112 3132 ) (0 5112 -640 ) 
4 14 18 (0 4096 -640 ) (0 4096 3132 ) (-1024 4096 3132 ) (-1024 4096 -640 ) 
4 14 15 (-1024 4096 -640 ) (-1024 4096 3132 ) (-1024 5112 3132 ) (-1024 5112 -640 ) 
4 15 31 (-1024 4096 -640 ) (-1024 4096 3132 ) (-2048 4096 3132 ) (-2048 4096 -640 ) 
4 15 16 (-2048 4096 -640 ) (-2048 4096 3132 ) (-2048 5112 3132 ) (-2048 5112 -640 ) 
4 16 32 (-2048 4096 -640 ) (-2048 4096 3132 ) (-2112 4096 3132 ) (-2112 4096 -640 ) 
4 17 19 (1024 3072 -640 ) (1024 3072 3132 ) (0 3072 3132 ) (0 3072 -640 ) 
4 17 18 (0 4096 3132 ) (0 4096 -640 ) (0 3072 -640 ) (0 3072 3132 ) 
4 18 31 (-1024 4096 3132 ) (-1024 4096 -640 ) (-1024 3072 -640 ) (-1024 3072 3132 ) 
4 18 20 (0 3072 -640 ) (0 3072 3132 ) (-1024 3072 3132 ) (-1024 3072 -640 ) 
4 19 25 (1024 2048 -640 ) (1024 2048 512 ) (0 2048 512 ) (0 2048 -640 ) 
4 19 22 (320 2048 3132 ) (0 2048 3132 ) (0 2048 512 ) (320 2048 512 ) 
4 19 21 (1024 2048 512 ) (1024 2048 3132 ) (320 2048 3132 ) (320 2048 512 ) 
4 19 20 (0 2048 -640 ) (0 2048 3132 ) (0 3072 3132 ) (0 3072 -640 ) 
4 20 33 (-1024 2048 -640 ) (-1024 2048 3132 ) (-1024 3072 3132 ) (-1024 3072 -640 ) 
4 20 30 (-1024 2048 512 ) (-1024 2048 -640 ) (0 2048 -640 ) (0 2048 512 ) 
4 20 27 (-1024 2048 1088 ) (-1024 2048 512 ) (0 2048 512 ) (0 2048 1088 ) 
4 20 26 (-1024 2048 3132 ) (-1024 2048 1088 ) (0 2048 1088 ) (0 2048 3132 ) 
4 21 55 (832 1024 3132 ) (320 1024 3132 ) (320 1024 512 ) (832 1024 512 ) 
4 21 54 (1024 1024 512 ) (1024 1024 3132 ) (832 1024 3132 ) (832 1024 512 ) 
4 21 25 (1024 1024 512 ) (320 1024 512 ) (320 2048 512 ) (1024 2048 512 ) 
4 21 23 (320 1792 1088 ) (320 1792 3132 ) (320 1856 3132 ) (320 1856 1088 ) 
4 21 22 (320 2048 512 ) (320 1856 512 ) (320 1856 3132 ) (320 2048 3132 ) 
4 21 24 (320 1792 512 ) (320 1024 512 ) (320 1024 3132 ) (320 1792 3132 ) 
4 22 27 (0 2048 1088 ) (0 2048 512 ) (0 1856 512 ) (0 1856 1088 ) 
4 22 26 (0 2048 3132 ) (0 2048 1088 ) (0 1856 1088 ) (0 1856 3132 ) 
4 22 25 (0 1856 512 ) (0 2048 512 ) (320 2048 512 ) (320 1856 512 ) 
4 22 23 (320 1856 1088 ) (320 1856 3132 ) (0 1856 3132 ) (0 1856 1088 ) 
4 23 26 (0 1792 1088 ) (0 1792 3132 ) (0 1856 3132 ) (0 1856 1088 ) 
4 23 24 (320 1792 1088 ) (320 1792 3132 ) (0 1792 3132 ) (0 1792 1088 ) 
4 24 55 (320 1024 3132 ) (0 1024 3132 ) (0 1024 512 ) (320 1024 512 ) 
4 24 29 (0 1792 512 ) (0 1024 512 ) (0 1024 1088 ) (0 1792 1088 ) 
4 24 26 (0 1024 1088 ) (0 1024 3132 ) (0 1792 3132 ) (0 1792 1088 ) 
4 24 25 (320 1024 512 ) (0 1024 512 ) (0 1792 512 ) (320 1792 512 ) 
4 25 74 (1024 1024 -640 ) (1024 1024 -192 ) (0 1024 -192 ) (0 1024 -640 ) 
4 25 71 (383.760010 1024 192 ) (0 1024 192 ) (0 1024 -192 ) (383.760010 1024 -192 ) 
4 25 70 (384 1024 192 ) (383.760010 1024 192 ) (383.760010 1024 -192 ) (384 1024 -192 ) 
4 25 69 (704 1024 192 ) (384 1024 192 ) (384 1024 -192 ) (704 1024 -192 ) 
4 25 68 (1024 1024 -192 ) (1024 1024 192 ) (704 1024 192 ) (704 1024 -192 ) 
4 25 61 (383.760010 1024 512 ) (0 1024 512 ) (0 1024 192 ) (383.760010 1024 192 ) 
4 25 57 (1024 1024 192 ) (1024 1024 512 ) (383.760010 1024 512 ) (383.760010 1024 192 ) 
4 25 30 (0 2048 512 ) (0 2048 -640 ) (0 1024 -640 ) (0 1024 512 ) 
4 26 81 (-512 1024 3132 ) (-1024 1024 3132 ) (-1024 1024 1088 ) (-512 1024 1088 ) 
4 26 76 (0 1024 1088 ) (0 1024 3132 ) (-512 1024 3132 ) (-512 1024 1088 ) 
4 26 34 (-1024 1024 1088 ) (-1024 1024 3132 ) (-1024 2048 3132 ) (-1024 2048 1088 ) 
4 26 28 (-1024 1792 1088 ) (-1024 1856 1088 ) (-832 1856 1088 ) (-832 1792 1088 ) 
4 26 27 (-1024 1856 1088 ) (-1024 2048 1088 ) (0 2048 1088 ) (0 1856 1088 ) 
4 26 29 (0 1024 1088 ) (-1024 1024 1088 ) (-1024 1792 1088 ) (0 1792 1088 ) 
4 27 34 (-1024 1856 1088 ) (-1024 2048 1088 ) (-1024 2048 512 ) (-1024 1856 512 ) 
4 27 30 (-1024 1856 512 ) (-1024 2048 512 ) (0 2048 512 ) (0 1856 512 ) 
4 27 28 (-1024 1856 512 ) (-832 1856 512 ) (-832 1856 1088 ) (-1024 1856 1088 ) 
4 28 34 (-1024 1792 1088 ) (-1024 1856 1088 ) (-1024 1856 512 ) (-1024 1792 512 ) 
4 28 30 (-1024 1792 512 ) (-1024 1856 512 ) (-832 1856 512 ) (-832 1792 512 ) 
4 28 29 (-1024 1792 512 ) (-832 1792 512 ) (-832 1792 1088 ) (-1024 1792 1088 ) 
4 29 82 (-576 1024 512 ) (-512 1024 512 ) (-512 1024 576 ) (-576 1024 576 ) 
4 29 83 (-1024 1024 576 ) (-1024 1024 512 ) (-576 1024 512 ) (-576 1024 576 ) 
4 29 81 (-512 1024 1088 ) (-1024 1024 1088 ) (-1024 1024 576 ) (-512 1024 576 ) 
4 29 77 (0 1024 512 ) (0 1024 576 ) (-512 1024 576 ) (-512 1024 512 ) 
4 29 76 (0 1024 576 ) (0 1024 1088 ) (-512 1024 1088 ) (-512 1024 576 ) 
4 29 34 (-1024 1024 512 ) (-1024 1024 1088 ) (-1024 1792 1088 ) (-1024 1792 512 ) 
4 29 30 (-1024 1024 512 ) (-1024 1792 512 ) (0 1792 512 ) (0 1024 512 ) 
4 30 91 (0 1024 -640 ) (0 1024 -192 ) (-1024 1024 -192 ) (-1024 1024 -640 ) 
4 30 89 (-576 1024 192 ) (-704 1024 192 ) (-704 1024 -192 ) (-576 1024 -192 ) 
4 30 90 (-704 1024 192 ) (-1024 1024 192 ) (-1024 1024 -192 ) (-704 1024 -192 ) 
4 30 88 (-512 1024 192 ) (-576 1024 192 ) (-576 1024 -192 ) (-512 1024 -192 ) 
4 30 86 (0 1024 -192 ) (0 1024 192 ) (-512 1024 192 ) (-512 1024 -192 ) 
4 30 84 (-576 1024 192 ) (-512 1024 192 ) (-512 1024 320 ) (-576 1024 320 ) 
4 30 85 (-1024 1024 320 ) (-1024 1024 192 ) (-576 1024 192 ) (-576 1024 320 ) 
4 30 82 (-512 1024 512 ) (-576 1024 512 ) (-576 1024 320 ) (-512 1024 320 ) 
4 30 83 (-576 1024 512 ) (-1024 1024 512 ) (-1024 1024 320 ) (-576 1024 320 ) 
4 30 78 (0 1024 192 ) (0 1024 512 ) (-512 1024 512 ) (-512 1024 192 ) 
4 30 34 (-1024 1024 -640 ) (-1024 1024 512 ) (-1024 2048 512 ) (-1024 2048 -640 ) 
4 31 33 (-1024 3072 -640 ) (-1024 3072 3132 ) (-2048 3072 3132 ) (-2048 3072 -640 ) 
4 31 32 (-2048 4096 3132 ) (-2048 4096 -640 ) (-2048 3072 -640 ) (-2048 3072 3132 ) 
4 32 35 (-2048 3072 -640 ) (-2048 3072 3132 ) (-2112 3072 3132 ) (-2112 3072 -640 ) 
4 33 35 (-2048 3072 3132 ) (-2048 3072 -640 ) (-2048 2048 -640 ) (-2048 2048 3132 ) 
4 33 34 (-1024 2048 -640 ) (-1024 2048 3132 ) (-2048 2048 3132 ) (-2048 2048 -640 ) 
4 34 162 (-1024 1024 -640 ) (-1024 1024 -192 ) (-2048 1024 -192 ) (-2048 1024 -640 ) 
4 34 160 (-1024 1024 -192 ) (-1024 1024 -128 ) (-1664 1024 -128 ) (-1664 1024 -192 ) 
4 34 161 (-1664 1024 -128 ) (-2048 1024 -128 ) (-2048 1024 -192 ) (-1664 1024 -192 ) 
4 34 159 (-1024 1024 -128 ) (-1024 1024 3132 ) (-2048 1024 3132 ) (-2048 1024 -128 ) 
4 34 36 (-2048 1024 -640 ) (-2048 1024 3132 ) (-2048 2048 3132 ) (-2048 2048 -640 ) 
4 35 36 (-2048 2048 -640 ) (-2048 2048 3132 ) (-2112 2048 3132 ) (-2112 2048 -640 ) 
4 36 167 (-2048 1024 -640 ) (-2048 1024 3132 ) (-2112 1024 3132 ) (-2112 1024 -640 ) 
4 37 48 (2048 0 3132 ) (2048 0 -640 ) (3040 0 -640 ) (3040 0 3132 ) 
4 37 47 (2048 1024 -192 ) (2048 1024 -640 ) (2048 0 -640 ) (2048 0 -192 ) 
4 37 46 (2048 64 -192 ) (2048 0 -192 ) (2048 0 512 ) (2048 64 512 ) 
4 37 45 (2048 0 512 ) (2048 0 3132 ) (2048 64 3132 ) (2048 64 512 ) 
4 37 43 (2048 640 -192 ) (2048 64 -192 ) (2048 64 192 ) (2048 640 192 ) 
4 37 42 (2048 64 192 ) (2048 64 3132 ) (2048 640 3132 ) (2048 640 192 ) 
4 37 38 (2048 1024 3132 ) (2048 1024 -192 ) (2048 640 -192 ) (2048 640 3132 ) 
4 38 47 (1408 1024 -192 ) (2048 1024 -192 ) (2048 640 -192 ) (1408 640 -192 ) 
4 38 43 (1408 640 -192 ) (2048 640 -192 ) (2048 640 192 ) (1408 640 192 ) 
4 38 42 (2048 640 192 ) (2048 640 3132 ) (1408 640 3132 ) (1408 640 192 ) 
4 38 40 (1408 640 -128 ) (1408 640 3132 ) (1408 768 3132 ) (1408 768 -128 ) 
4 38 39 (1408 1024 -192 ) (1408 768 -192 ) (1408 768 3132 ) (1408 1024 3132 ) 
4 39 68 (1024 1024 192 ) (1024 1024 -192 ) (1024 768 -192 ) (1024 768 192 ) 
4 39 57 (1024 1024 512 ) (1024 1024 192 ) (1024 768 192 ) (1024 768 512 ) 
4 39 54 (1024 1024 3132 ) (1024 1024 512 ) (1024 768 512 ) (1024 768 3132 ) 
4 39 47 (1024 1024 -192 ) (1408 1024 -192 ) (1408 768 -192 ) (1024 768 -192 ) 
3 39 41 (1024 768 -192 ) (1216 768 -128 ) (1024 768 -128 ) 
4 39 40 (1408 768 -128 ) (1408 768 3132 ) (1024 768 3132 ) (1024 768 -128 ) 
4 40 68 (1024 640 -128 ) (1024 640 192 ) (1024 768 192 ) (1024 768 -128 ) 
4 40 57 (1024 640 192 ) (1024 640 512 ) (1024 768 512 ) (1024 768 192 ) 
4 40 54 (1024 640 512 ) (1024 640 3132 ) (1024 768 3132 ) (1024 768 512 ) 
4 40 44 (1408 640 -128 ) (1408 640 192 ) (1216 640 192 ) (1216 640 -128 ) 
4 40 42 (1408 640 192 ) (1408 640 3132 ) (1024 640 3132 ) (1024 640 192 ) 
4 40 41 (1024 768 -128 ) (1216 768 -128 ) (1216 640 -128 ) (1024 640 -128 ) 
4 41 68 (1024 768 -192 ) (1024 640 -192 ) (1024 640 -128 ) (1024 768 -128 ) 
4 42 57 (1024 64 192 ) (1024 64 512 ) (1024 640 512 ) (1024 640 192 ) 
4 42 54 (1024 64 512 ) (1024 64 3132 ) (1024 640 3132 ) (1024 640 512 ) 
4 42 46 (1408 64 192 ) (2048 64 192 ) (2048 64 512 ) (1408 64 512 ) 
4 42 45 (1024 64 3132 ) (1024 64 512 ) (2048 64 512 ) (2048 64 3132 ) 
4 42 44 (1216 192 192 ) (1216 640 192 ) (1408 640 192 ) (1408 192 192 ) 
4 42 43 (2048 64 192 ) (1408 64 192 ) (1408 640 192 ) (2048 640 192 ) 
4 43 47 (2048 640 -192 ) (2048 64 -192 ) (1408 64 -192 ) (1408 640 -192 ) 
4 43 46 (1408 64 -192 ) (2048 64 -192 ) (2048 64 192 ) (1408 64 192 ) 
3 43 44 (1408 192 192 ) (1408 640 192 ) (1408 640 -128 ) 
4 45 54 (1024 0 512 ) (1024 0 3132 ) (1024 64 3132 ) (1024 64 512 ) 
4 45 49 (2048 0 512 ) (2048 0 3132 ) (1024 0 3132 ) (1024 0 512 ) 
4 45 46 (1408 64 512 ) (2048 64 512 ) (2048 0 512 ) (1408 0 512 ) 
4 46 49 (2048 0 -192 ) (2048 0 512 ) (1408 0 512 ) (1408 0 -192 ) 
4 46 47 (2048 64 -192 ) (2048 0 -192 ) (1408 0 -192 ) (1408 64 -192 ) 
4 47 75 (1024 64 -640 ) (1024 0 -640 ) (1024 0 -192 ) (1024 64 -192 ) 
4 47 74 (1024 1024 -192 ) (1024 1024 -640 ) (1024 64 -640 ) (1024 64 -192 ) 
4 47 49 (2048 0 -640 ) (2048 0 -192 ) (1024 0 -192 ) (1024 0 -640 ) 
4 48 50 (2048 -1024 3132 ) (2048 -1024 -640 ) (3040 -1024 -640 ) (3040 -1024 3132 ) 
4 48 49 (2048 -1024 -640 ) (2048 -1024 3132 ) (2048 0 3132 ) (2048 0 -640 ) 
4 49 119 (1024 -1024 -640 ) (1024 -1024 -192 ) (1024 0 -192 ) (1024 0 -640 ) 
4 49 106 (1024 -1024 -192 ) (1024 -1024 192 ) (1024 -320 192 ) (1024 -320 -192 ) 
4 49 105 (1024 -320 192 ) (1024 0 192 ) (1024 0 -192 ) (1024 -320 -192 ) 
4 49 97 (1024 -1024 192 ) (1024 -1024 512 ) (1024 0 512 ) (1024 0 192 ) 
4 49 94 (1024 -1024 512 ) (1024 -1024 3132 ) (1024 0 3132 ) (1024 0 512 ) 
4 49 51 (1024 -1024 3132 ) (1024 -1024 -640 ) (2048 -1024 -640 ) (2048 -1024 3132 ) 
4 50 52 (2048 -2048 3132 ) (2048 -2048 -640 ) (3040 -2048 -640 ) (3040 -2048 3132 ) 
4 50 51 (2048 -1024 3132 ) (2048 -1024 -640 ) (2048 -2048 -640 ) (2048 -2048 3132 ) 
4 51 141 (1024 -2048 -640 ) (1024 -2048 -184 ) (1024 -1024 -184 ) (1024 -1024 -640 ) 
4 51 136 (1024 -2048 -184 ) (1024 -2048 3132 ) (1024 -1024 3132 ) (1024 -1024 -184 ) 
4 51 53 (2048 -2048 -640 ) (2048 -2048 3132 ) (1024 -2048 3132 ) (1024 -2048 -640 ) 
4 52 53 (2048 -2048 3132 ) (2048 -2048 -640 ) (2048 -3036 -640 ) (2048 -3036 3132 ) 
4 53 176 (1024 -2048 3132 ) (1024 -2048 -640 ) (1024 -3036 -640 ) (1024 -3036 3132 ) 
4 54 94 (1024 0 512 ) (1024 0 3132 ) (832 0 3132 ) (832 0 512 ) 
4 54 57 (832 1024 512 ) (1024 1024 512 ) (1024 64 512 ) (832 64 512 ) 
4 54 56 (832 0 576 ) (832 0 3132 ) (832 192 3132 ) (832 192 576 ) 
4 54 55 (832 1024 512 ) (832 192 512 ) (832 192 3132 ) (832 1024 3132 ) 
4 55 77 (0 1024 576 ) (0 1024 512 ) (0 192 512 ) (0 192 576 ) 
4 55 76 (0 1024 3132 ) (0 1024 576 ) (0 192 576 ) (0 192 3132 ) 
4 55 62 (0 192 512 ) (0 210.882004 512 ) (319.760010 210.882004 512 ) (319.760010 192 512 ) 
4 55 61 (0 210.882004 512 ) (0 1024 512 ) (383.760010 1024 512 ) (383.760010 210.882004 512 ) 
4 55 57 (383.760010 1024 512 ) (832 1024 512 ) (832 192 512 ) (383.760010 192 512 ) 
4 55 56 (832 192 576 ) (832 192 3132 ) (0 192 3132 ) (0 192 576 ) 
4 56 95 (832 0 3132 ) (0 0 3132 ) (0 0 576 ) (832 0 576 ) 
4 56 76 (0 0 576 ) (0 0 3132 ) (0 192 3132 ) (0 192 576 ) 
4 57 70 (383.760010 64 192 ) (383.760010 1024 192 ) (384 1024 192 ) (384 64 192 ) 
4 57 69 (384 1024 192 ) (704 1024 192 ) (704 192 192 ) (384 192 192 ) 
4 57 68 (704 1024 192 ) (1024 1024 192 ) (1024 640 192 ) (704 640 192 ) 
4 57 61 (383.760010 1024 192 ) (383.760010 210.882004 192 ) (383.760010 210.882004 512 ) (383.760010 1024 512 ) 
4 57 60 (383.760010 64 194.139008 ) (383.760010 64 192 ) (384 64 192 ) (384 64 194.139008 ) 
4 57 59 (383.760010 64 322.139008 ) (383.760010 64 194.139008 ) (592 64 194.139008 ) (592 64 322.139008 ) 
4 57 58 (383.760010 64 512 ) (383.760010 64 322.139008 ) (384 64 322.139008 ) (384 64 512 ) 
4 58 99 (384 0 512 ) (383.760010 0 512 ) (383.760010 0 322.139008 ) (384 0 322.139008 ) 
4 58 59 (384 0 322.139008 ) (383.760010 0 322.139008 ) (383.760010 64 322.139008 ) (384 64 322.139008 ) 
4 59 99 (592 0 322.139008 ) (383.760010 0 322.139008 ) (383.760010 0 194.139008 ) (592 0 194.139008 ) 
4 59 60 (383.760010 0 194.139008 ) (383.760010 64 194.139008 ) (384 64 194.139008 ) (384 0 194.139008 ) 
4 60 99 (384 0 194.139008 ) (383.760010 0 194.139008 ) (383.760010 0 192 ) (384 0 192 ) 
4 61 78 (0 1024 512 ) (0 1024 192 ) (0 210.882004 192 ) (0 210.882004 512 ) 
4 61 71 (0 210.882004 192 ) (0 1024 192 ) (383.760010 1024 192 ) (383.760010 210.882004 192 ) 
4 61 65 (0 210.882004 192 ) (319.760010 210.882004 192 ) (319.760010 210.882004 320 ) (0 210.882004 320 ) 
4 61 62 (319.760010 210.882004 512 ) (0 210.882004 512 ) (0 210.882004 320 ) (319.760010 210.882004 320 ) 
4 62 78 (0 151.089066 512 ) (0 210.882004 512 ) (0 210.882004 320 ) (0 99.643044 320 ) 
4 62 65 (0 210.882004 320 ) (319.760010 210.882004 320 ) (319.760010 99.643044 320 ) (0 99.643044 320 ) 
4 62 64 (0 99.643555 320 ) (319.760010 99.643562 320 ) (319.760010 151.089386 512 ) (0 151.089386 512 ) 
4 63 100 (319.760010 0 512 ) (0 0 512 ) (0 0 320 ) (319.760010 0 320 ) 
4 63 79 (0 0 320 ) (0 0 512 ) (0 134.525375 512 ) (0 83.078949 320 ) 
4 63 66 (319.760010 0 320 ) (0 0 320 ) (0 83.078949 320 ) (319.760010 83.078949 320 ) 
4 63 64 (319.760010 83.078125 320 ) (0 83.078125 320 ) (0 134.524353 512 ) (319.760010 134.524353 512 ) 
4 64 80 (0 134.525375 512 ) (0 151.089066 512 ) (0 99.643044 320 ) (0 83.078949 320 ) 
4 64 67 (319.760010 83.078949 320 ) (0 83.078949 320 ) (0 99.643044 320 ) (319.760010 99.643044 320 ) 
4 65 78 (0 210.882004 192 ) (0 65.345703 192 ) (0 99.643044 320 ) (0 210.882004 320 ) 
4 65 72 (0 65.345703 192 ) (0 210.882004 192 ) (319.760010 210.882004 192 ) (319.760010 65.345703 192 ) 
4 65 67 (0 65.347641 192 ) (319.760010 65.347656 192 ) (319.760010 99.643562 320 ) (0 99.643555 320 ) 
4 66 102 (0 0 320 ) (0 0 192 ) (319.760010 0 192 ) (319.760010 0 320 ) 
4 66 79 (0 48.781342 192 ) (0 0 192 ) (0 0 320 ) (0 83.078949 320 ) 
4 66 67 (0 83.078125 320 ) (319.760010 83.078125 320 ) (319.760010 48.780510 192 ) (0 48.780502 192 ) 
4 67 80 (0 65.345703 192 ) (0 48.781342 192 ) (0 83.078949 320 ) (0 99.643044 320 ) 
4 67 73 (0 64 192 ) (0 65.345703 192 ) (319.760010 65.345703 192 ) (319.760010 64 192 ) 
4 68 74 (704 640 -192 ) (704 1024 -192 ) (1024 1024 -192 ) (1024 640 -192 ) 
4 68 69 (704 1024 -192 ) (704 640 -192 ) (704 640 192 ) (704 1024 192 ) 
4 69 74 (384 192 -192 ) (384 1024 -192 ) (704 1024 -192 ) (704 192 -192 ) 
4 69 70 (384 1024 -192 ) (384 192 -192 ) (384 192 192 ) (384 1024 192 ) 
4 70 74 (384 64 -192 ) (383.760010 64 -192 ) (383.760010 1024 -192 ) (384 1024 -192 ) 
4 70 71 (383.760010 1024 -192 ) (383.760010 210.882004 -192 ) (383.760010 210.882004 192 ) (383.760010 1024 192 ) 
4 71 86 (0 1024 192 ) (0 1024 -192 ) (0 210.882004 -192 ) (0 210.882004 192 ) 
4 71 74 (0 210.882004 -192 ) (0 1024 -192 ) (383.760010 1024 -192 ) (383.760010 210.882004 -192 ) 
4 71 72 (0 210.882004 -192 ) (319.760010 210.882004 -192 ) (319.760010 210.882004 192 ) (0 210.882004 192 ) 
5 72 86 (0 210.882004 -192 ) (0 64 -192 ) (0 64 186.977722 ) (0 65.345703 192 ) (0 210.882004 192 ) 
4 72 74 (319.760010 64 -192 ) (0 64 -192 ) (0 210.882004 -192 ) (319.760010 210.882004 -192 ) 
4 72 73 (0 64 186.980148 ) (319.760010 64 186.980164 ) (319.760010 65.345055 192 ) (0 65.345055 192 ) 
3 73 87 (0 64 186.977722 ) (0 64 192 ) (0 65.345703 192 ) 
4 74 91 (0 1024 -192 ) (0 1024 -640 ) (0 64 -640 ) (0 64 -192 ) 
4 74 75 (0 64 -192 ) (0 64 -640 ) (1024 64 -640 ) (1024 64 -192 ) 
4 75 119 (1024 0 -640 ) (1024 0 -192 ) (0 0 -192 ) (0 0 -640 ) 
4 75 92 (0 0 -640 ) (0 0 -192 ) (0 64 -192 ) (0 64 -640 ) 
4 76 120 (0 0 576 ) (0 0 3132 ) (-512 0 3132 ) (-512 0 576 ) 
4 76 81 (-512 1024 3132 ) (-512 1024 576 ) (-512 0 576 ) (-512 0 3132 ) 
4 76 77 (-512 192 576 ) (-512 1024 576 ) (0 1024 576 ) (0 192 576 ) 
4 77 82 (-512 1024 576 ) (-512 1024 512 ) (-512 960 512 ) (-512 960 576 ) 
4 77 78 (-512 192 512 ) (-512 1024 512 ) (0 1024 512 ) (0 192 512 ) 
4 78 86 (-512 1024 192 ) (0 1024 192 ) (0 65.345703 192 ) (-512 65.345703 192 ) 
4 78 84 (-512 1024 320 ) (-512 1024 192 ) (-512 960 192 ) (-512 960 320 ) 
4 78 82 (-512 1024 512 ) (-512 1024 320 ) (-512 960 320 ) (-512 960 512 ) 
4 78 80 (0 151.089844 512 ) (-512 151.089844 512 ) (-512 65.346489 192 ) (0 65.346481 192 ) 
4 79 121 (0 0 192 ) (0 0 512 ) (-512 0 512 ) (-512 0 192 ) 
4 79 80 (0 48.781250 192 ) (-512 48.781250 192 ) (-512 134.525391 512 ) (0 134.525391 512 ) 
4 80 87 (0 65.345703 192 ) (0 64 192 ) (-512 64 192 ) (-512 65.345703 192 ) 
4 81 159 (-1024 1024 3132 ) (-1024 1024 576 ) (-1024 0 576 ) (-1024 0 3132 ) 
4 81 120 (-1024 0 3132 ) (-1024 0 576 ) (-512 0 576 ) (-512 0 3132 ) 
4 81 82 (-576 1024 576 ) (-512 1024 576 ) (-512 960 576 ) (-576 960 576 ) 
4 81 83 (-1024 0 576 ) (-1024 1024 576 ) (-576 1024 576 ) (-576 0 576 ) 
4 82 84 (-576 1024 320 ) (-512 1024 320 ) (-512 960 320 ) (-576 960 320 ) 
4 82 83 (-576 1024 320 ) (-576 960 320 ) (-576 960 576 ) (-576 1024 576 ) 
4 83 159 (-1024 1024 576 ) (-1024 1024 320 ) (-1024 0 320 ) (-1024 0 576 ) 
4 83 124 (-1024 0 576 ) (-1024 0 320 ) (-576 0 320 ) (-576 0 576 ) 
4 83 85 (-1024 1024 320 ) (-576 1024 320 ) (-576 0 320 ) (-1024 0 320 ) 
4 84 88 (-576 1024 192 ) (-512 1024 192 ) (-512 960 192 ) (-576 960 192 ) 
4 84 85 (-576 1024 192 ) (-576 960 192 ) (-576 960 320 ) (-576 1024 320 ) 
4 85 159 (-1024 1024 320 ) (-1024 1024 192 ) (-1024 0 192 ) (-1024 0 320 ) 
4 85 124 (-1024 0 320 ) (-1024 0 192 ) (-576 0 192 ) (-576 0 320 ) 
4 85 93 (-704 0 192 ) (-1024 0 192 ) (-1024 64 192 ) (-704 64 192 ) 
4 85 89 (-704 1024 192 ) (-576 1024 192 ) (-576 64 192 ) (-704 64 192 ) 
4 85 90 (-1024 1024 192 ) (-704 1024 192 ) (-704 64 192 ) (-1024 64 192 ) 
4 86 91 (0 64 -192 ) (-512 64 -192 ) (-512 1024 -192 ) (0 1024 -192 ) 
4 86 88 (-512 1024 -192 ) (-512 960 -192 ) (-512 960 192 ) (-512 1024 192 ) 
4 86 87 (-512 65.345703 192 ) (-512 64 186.972656 ) (0 64 186.972656 ) (0 65.345711 192 ) 
4 88 91 (-576 960 -192 ) (-576 1024 -192 ) (-512 1024 -192 ) (-512 960 -192 ) 
4 88 89 (-576 1024 -192 ) (-576 960 -192 ) (-576 960 192 ) (-576 1024 192 ) 
4 89 91 (-704 960 -192 ) (-704 1024 -192 ) (-576 1024 -192 ) (-576 960 -192 ) 
4 89 90 (-704 1024 -192 ) (-704 960 -192 ) (-704 64 192 ) (-704 1024 192 ) 
4 90 160 (-1024 1024 -128 ) (-1024 1024 -192 ) (-1024 704 -192 ) (-1024 704 -128 ) 
4 90 159 (-1024 1024 192 ) (-1024 1024 -128 ) (-1024 64 -128 ) (-1024 64 192 ) 
4 90 93 (-704 64 192 ) (-1024 64 192 ) (-1024 64 -192 ) (-704 64 -192 ) 
4 90 91 (-704 64 -192 ) (-1024 64 -192 ) (-1024 1024 -192 ) (-704 1024 -192 ) 
4 91 162 (-1024 1024 -192 ) (-1024 1024 -640 ) (-1024 64 -640 ) (-1024 64 -192 ) 
4 91 92 (-704 64 -640 ) (0 64 -640 ) (0 64 -192 ) (-704 64 -192 ) 
4 91 93 (-1024 64 -192 ) (-1024 64 -640 ) (-704 64 -640 ) (-704 64 -192 ) 
4 92 126 (0 0 -640 ) (0 0 -192 ) (-704 0 -192 ) (-704 0 -640 ) 
4 92 93 (-704 64 -192 ) (-704 64 -640 ) (-704 0 -640 ) (-704 0 -192 ) 
4 93 166 (-1024 0 -640 ) (-1024 0 -198.516022 ) (-1024 64 -198.516022 ) (-1024 64 -640 ) 
4 93 163 (-1024 0 -198.516022 ) (-1024 0 -128 ) (-1024 64 -128 ) (-1024 64 -198.516022 ) 
4 93 159 (-1024 0 -128 ) (-1024 0 192 ) (-1024 64 192 ) (-1024 64 -128 ) 
4 93 126 (-1024 0 -192 ) (-1024 0 -640 ) (-704 0 -640 ) (-704 0 -192 ) 
4 93 125 (-704 0 192 ) (-1024 0 192 ) (-1024 0 -192 ) (-704 0 -192 ) 
4 94 136 (1024 -1024 512 ) (1024 -1024 3132 ) (832 -1024 3132 ) (832 -1024 512 ) 
4 94 97 (1024 -1024 512 ) (832 -1024 512 ) (832 0 512 ) (1024 0 512 ) 
4 94 95 (832 -576 576 ) (832 -576 3132 ) (832 0 3132 ) (832 0 576 ) 
4 94 96 (832 -576 512 ) (832 -1024 512 ) (832 -1024 3132 ) (832 -576 3132 ) 
4 95 120 (0 -576 3132 ) (0 0 3132 ) (0 0 576 ) (0 -576 576 ) 
4 95 96 (832 -576 576 ) (832 -576 3132 ) (0 -576 3132 ) (0 -576 576 ) 
4 96 137 (320 -1024 3132 ) (304 -1024 3132 ) (304 -1024 512 ) (320 -1024 512 ) 
4 96 136 (832 -1024 3132 ) (320 -1024 3132 ) (320 -1024 512 ) (832 -1024 512 ) 
4 96 140 (304 -1024 3132 ) (0 -1024 3132 ) (0 -1024 512 ) (304 -1024 512 ) 
4 96 127 (0 -1024 512 ) (0 -1024 576 ) (0 -768 576 ) (0 -768 512 ) 
4 96 123 (0 -768 576 ) (0 -576 576 ) (0 -576 512 ) (0 -768 512 ) 
4 96 120 (0 -1024 576 ) (0 -1024 3132 ) (0 -576 3132 ) (0 -576 576 ) 
4 96 104 (383.760010 -1024 512 ) (0 -1024 512 ) (0 -576 512 ) (383.760010 -576 512 ) 
4 96 98 (832 -1024 512 ) (640 -1024 512 ) (640 -576 512 ) (832 -576 512 ) 
4 96 99 (640 -1024 512 ) (383.760010 -1024 512 ) (383.760010 -576 512 ) (640 -576 512 ) 
4 97 136 (1024 -1024 192 ) (1024 -1024 512 ) (832 -1024 512 ) (832 -1024 192 ) 
4 97 106 (1024 -320 192 ) (1024 -1024 192 ) (832 -1024 192 ) (832 -320 192 ) 
4 97 105 (832 0 192 ) (1024 0 192 ) (1024 -320 192 ) (832 -320 192 ) 
4 97 98 (832 -320 192 ) (832 -1024 192 ) (832 -1024 512 ) (832 -320 512 ) 
4 98 136 (832 -1024 512 ) (640 -1024 512 ) (640 -1024 192 ) (832 -1024 192 ) 
4 98 107 (768 -1024 192 ) (640 -1024 192 ) (640 -320 192 ) (768 -320 192 ) 
4 98 106 (832 -320 192 ) (832 -1024 192 ) (768 -1024 192 ) (768 -320 192 ) 
4 98 99 (640 -320 192 ) (640 -1024 192 ) (640 -1024 512 ) (640 -320 512 ) 
4 99 136 (640 -1024 512 ) (383.760010 -1024 512 ) (383.760010 -1024 192 ) (640 -1024 192 ) 
4 99 113 (512 -784 192 ) (512 -1024 192 ) (383.760010 -1024 192 ) (383.760010 -784 192 ) 
4 99 112 (512 -768 192 ) (512 -784 192 ) (383.760010 -784 192 ) (383.760010 -768 192 ) 
4 99 110 (640 -320 192 ) (640 -512 192 ) (512 -512 192 ) (512 -320 192 ) 
4 99 111 (640 -512 192 ) (640 -1024 192 ) (512 -1024 192 ) (512 -512 192 ) 
4 99 101 (383.760010 -297.373993 192 ) (383.760010 -510.514008 192 ) (383.760010 -510.514008 320 ) (383.760010 -297.373993 320 ) 
4 99 104 (383.760010 -576.096069 192 ) (383.760010 -1024 192 ) (383.760010 -1024 512 ) (383.760010 -576.096069 512 ) 
4 100 121 (0 -512 512 ) (0 0 512 ) (0 0 320 ) (0 -512 320 ) 
4 100 103 (0 -512 320 ) (0 -510.514008 320 ) (319.760010 -510.514008 320 ) (319.760010 -512 320 ) 
4 100 102 (0 -510.514008 320 ) (0 0 320 ) (319.760010 0 320 ) (319.760010 -510.514008 320 ) 
4 101 102 (319.760010 -297.373993 192 ) (319.760010 -510.514008 192 ) (319.760010 -510.514008 320 ) (319.760010 -297.373993 320 ) 
4 102 121 (0 0 320 ) (0 0 192 ) (0 -510.514008 192 ) (0 -510.514008 320 ) 
4 102 103 (0 -510.514008 192 ) (319.760010 -510.514008 192 ) (319.760010 -510.514008 320 ) (0 -510.514008 320 ) 
4 103 121 (0 -510.514008 192 ) (0 -512 192 ) (0 -512 320 ) (0 -510.514008 320 ) 
4 104 137 (320 -1024 512 ) (304 -1024 512 ) (304 -1024 192 ) (320 -1024 192 ) 
4 104 136 (383.760010 -1024 512 ) (320 -1024 512 ) (320 -1024 192 ) (383.760010 -1024 192 ) 
4 104 140 (304 -1024 512 ) (0 -1024 512 ) (0 -1024 192 ) (304 -1024 192 ) 
4 104 127 (0 -1024 192 ) (0 -1024 512 ) (0 -768 512 ) (0 -768 192 ) 
4 104 123 (0 -768 512 ) (0 -576.096069 512 ) (0 -576.096069 192 ) (0 -768 192 ) 
4 104 114 (304 -784 192 ) (320 -784 192 ) (320 -800 192 ) (304 -800 192 ) 
4 104 115 (320 -800 192 ) (320 -1024 192 ) (304 -1024 192 ) (304 -800 192 ) 
4 104 113 (320 -784 192 ) (383.760010 -784 192 ) (383.760010 -1024 192 ) (320 -1024 192 ) 
4 104 116 (0 -1024 192 ) (0 -784 192 ) (304 -784 192 ) (304 -1024 192 ) 
4 104 112 (0 -784 192 ) (0 -768 192 ) (383.760010 -768 192 ) (383.760010 -784 192 ) 
4 105 119 (832 0 -192 ) (1024 0 -192 ) (1024 -320 -192 ) (832 -320 -192 ) 
4 105 106 (832 -320 -192 ) (1024 -320 -192 ) (1024 -320 192 ) (832 -320 192 ) 
4 106 141 (1024 -1024 -192 ) (1024 -1024 -184 ) (768 -1024 -184 ) (768 -1024 -192 ) 
4 106 136 (1024 -1024 -184 ) (1024 -1024 192 ) (768 -1024 192 ) (768 -1024 -184 ) 
4 106 119 (1024 -1024 -192 ) (768 -1024 -192 ) (768 -320 -192 ) (1024 -320 -192 ) 
3 106 108 (768 -896 -160 ) (768 -896 128 ) (768 -512 128 ) 
4 106 109 (768 -896 -192 ) (768 -1024 -192 ) (768 -1024 128 ) (768 -896 128 ) 
4 106 107 (768 -320 192 ) (768 -320 128 ) (768 -1024 128 ) (768 -1024 192 ) 
4 107 136 (768 -1024 192 ) (640 -1024 192 ) (640 -1024 128 ) (768 -1024 128 ) 
4 107 110 (640 -512 192 ) (640 -320 192 ) (640 -320 128 ) (640 -512 128 ) 
4 107 111 (640 -1024 128 ) (640 -1024 192 ) (640 -512 192 ) (640 -512 128 ) 
4 107 108 (640 -896 128 ) (640 -512 128 ) (768 -512 128 ) (768 -896 128 ) 
4 107 109 (640 -1024 128 ) (640 -896 128 ) (768 -896 128 ) (768 -1024 128 ) 
3 108 111 (640 -896 -160 ) (640 -896 128 ) (640 -512 128 ) 
4 108 109 (768 -896 -160 ) (768 -896 128 ) (640 -896 128 ) (640 -896 -160 ) 
4 109 141 (640 -1024 -184 ) (640 -1024 -192 ) (768 -1024 -192 ) (768 -1024 -184 ) 
4 109 136 (640 -1024 128 ) (640 -1024 -184 ) (768 -1024 -184 ) (768 -1024 128 ) 
4 109 119 (768 -1024 -192 ) (640 -1024 -192 ) (640 -896 -192 ) (768 -896 -192 ) 
4 109 111 (640 -896 -192 ) (640 -1024 -192 ) (640 -1024 128 ) (640 -896 128 ) 
3 110 111 (512 -512 192 ) (640 -512 128 ) (640 -512 192 ) 
4 111 141 (512 -1024 -184 ) (512 -1024 -192 ) (640 -1024 -192 ) (640 -1024 -184 ) 
4 111 136 (640 -1024 192 ) (512 -1024 192 ) (512 -1024 -184 ) (640 -1024 -184 ) 
4 111 119 (640 -1024 -192 ) (512 -1024 -192 ) (512 -512 -192 ) (640 -512 -192 ) 
4 111 117 (512 -784 -192 ) (512 -1024 -192 ) (512 -1024 -184 ) (512 -784 -184 ) 
4 111 113 (512 -1024 -184 ) (512 -1024 192 ) (512 -784 192 ) (512 -784 -184 ) 
4 111 112 (512 -768 -192 ) (512 -784 -192 ) (512 -784 192 ) (512 -768 192 ) 
4 112 132 (0 -768 -189.337006 ) (0 -768 -192 ) (0 -784 -192 ) (0 -784 -189.337006 ) 
4 112 131 (0 -768 -184 ) (0 -768 -189.337006 ) (0 -784 -189.337006 ) (0 -784 -184 ) 
4 112 127 (0 -784 192 ) (0 -768 192 ) (0 -768 -184 ) (0 -784 -184 ) 
4 112 119 (0 -784 -192 ) (0 -768 -192 ) (512 -768 -192 ) (512 -784 -192 ) 
4 112 118 (0 -784 -192 ) (320 -784 -192 ) (320 -784 -189.337006 ) (0 -784 -189.337006 ) 
4 112 117 (320 -784 -192 ) (512 -784 -192 ) (512 -784 -184 ) (320 -784 -184 ) 
4 112 114 (320 -784 192 ) (304 -784 192 ) (304 -784 45.336498 ) (320 -784 45.336498 ) 
4 112 113 (512 -784 -184 ) (512 -784 192 ) (320 -784 192 ) (320 -784 -184 ) 
4 112 116 (304 -784 192 ) (0 -784 192 ) (0 -784 -184 ) (304 -784 -184 ) 
4 113 136 (512 -1024 192 ) (320 -1024 192 ) (320 -1024 -184 ) (512 -1024 -184 ) 
4 113 117 (320 -784 -184 ) (512 -784 -184 ) (512 -1024 -184 ) (320 -1024 -184 ) 
4 113 114 (320 -784 192 ) (320 -784 45.336498 ) (320 -800 45.336498 ) (320 -800 192 ) 
4 113 115 (320 -800 -184 ) (320 -1024 -184 ) (320 -1024 192 ) (320 -800 192 ) 
4 114 115 (304 -800 192 ) (304 -800 45.336498 ) (320 -800 45.336498 ) (320 -800 192 ) 
4 114 116 (304 -784 192 ) (304 -784 45.336498 ) (304 -800 45.336498 ) (304 -800 192 ) 
4 115 137 (320 -1024 192 ) (304 -1024 192 ) (304 -1024 -184 ) (320 -1024 -184 ) 
4 115 116 (304 -800 -184 ) (304 -1024 -184 ) (304 -1024 192 ) (304 -800 192 ) 
4 116 140 (304 -1024 192 ) (0 -1024 192 ) (0 -1024 -184 ) (304 -1024 -184 ) 
4 116 127 (0 -1024 -184 ) (0 -1024 192 ) (0 -784 192 ) (0 -784 -184 ) 
4 117 141 (320 -1024 -192 ) (512 -1024 -192 ) (512 -1024 -184 ) (320 -1024 -184 ) 
4 117 119 (512 -1024 -192 ) (320 -1024 -192 ) (320 -784 -192 ) (512 -784 -192 ) 
4 117 118 (320 -784 -189.337006 ) (320 -784 -192 ) (320 -1024 -192 ) (320 -1024 -189.337006 ) 
4 118 142 (0 -1024 -189.337006 ) (0 -1024 -192 ) (320 -1024 -192 ) (320 -1024 -189.337006 ) 
4 118 132 (0 -1024 -192 ) (0 -1024 -189.337006 ) (0 -784 -189.337006 ) (0 -784 -192 ) 
4 118 119 (320 -1024 -192 ) (0 -1024 -192 ) (0 -784 -192 ) (320 -784 -192 ) 
4 119 142 (320 -1024 -192 ) (0 -1024 -192 ) (0 -1024 -640 ) (320 -1024 -640 ) 
4 119 141 (1024 -1024 -640 ) (1024 -1024 -192 ) (320 -1024 -192 ) (320 -1024 -640 ) 
4 119 132 (0 -1024 -640 ) (0 -1024 -192 ) (0 -768 -192 ) (0 -768 -640 ) 
4 119 126 (0 -768 -192 ) (0 0 -192 ) (0 0 -640 ) (0 -768 -640 ) 
4 120 168 (-1024 -1024 576 ) (-1024 -1024 3132 ) (-1024 0 3132 ) (-1024 0 576 ) 
4 120 144 (-1024 -1024 3132 ) (-1024 -1024 576 ) (0 -1024 576 ) (0 -1024 3132 ) 
4 120 133 (-192 -1024 576 ) (-384 -1024 576 ) (-384 -768 576 ) (-192 -768 576 ) 
4 120 134 (-448 -1024 576 ) (-1024 -1024 576 ) (-1024 -768 576 ) (-448 -768 576 ) 
4 120 129 (-192 -800 576 ) (-192 -784 576 ) (-176 -784 576 ) (-176 -800 576 ) 
4 120 128 (-192 -784 576 ) (-192 -768 576 ) (-176 -768 576 ) (-176 -784 576 ) 
4 120 130 (-176 -1024 576 ) (-192 -1024 576 ) (-192 -800 576 ) (-176 -800 576 ) 
4 120 127 (0 -768 576 ) (0 -1024 576 ) (-176 -1024 576 ) (-176 -768 576 ) 
4 120 123 (0 -576 576 ) (0 -768 576 ) (-576 -768 576 ) (-576 -576 576 ) 
4 120 124 (-1024 0 576 ) (-576 0 576 ) (-576 -768 576 ) (-1024 -768 576 ) 
4 121 122 (-512 -320 192 ) (-512 -512 192 ) (-512 -512 320 ) (-512 -320 320 ) 
4 122 124 (-576 -320 192 ) (-576 -512 192 ) (-576 -512 320 ) (-576 -320 320 ) 
4 123 133 (-192 -768 576 ) (-384 -768 576 ) (-384 -768 192 ) (-192 -768 192 ) 
4 123 134 (-448 -768 576 ) (-576 -768 576 ) (-576 -768 192 ) (-448 -768 192 ) 
4 123 128 (-176 -768 576 ) (-192 -768 576 ) (-192 -768 192 ) (-176 -768 192 ) 
4 123 127 (0 -768 192 ) (0 -768 576 ) (-176 -768 576 ) (-176 -768 192 ) 
4 123 124 (-576 -576 192 ) (-576 -768 192 ) (-576 -768 576 ) (-576 -576 576 ) 
4 124 168 (-1024 -768 192 ) (-1024 -768 576 ) (-1024 0 576 ) (-1024 0 192 ) 
4 124 134 (-576 -768 576 ) (-1024 -768 576 ) (-1024 -768 192 ) (-576 -768 192 ) 
4 124 125 (-704 -768 192 ) (-1024 -768 192 ) (-1024 0 192 ) (-704 0 192 ) 
4 125 168 (-1024 -768 -192 ) (-1024 -768 192 ) (-1024 0 192 ) (-1024 0 -192 ) 
4 125 134 (-704 -768 192 ) (-1024 -768 192 ) (-1024 -768 -192 ) (-704 -768 -192 ) 
4 125 126 (-704 -768 -192 ) (-1024 -768 -192 ) (-1024 0 -192 ) (-704 0 -192 ) 
4 126 172 (-1024 -768 -640 ) (-1024 -768 -198.516022 ) (-1024 0 -198.516022 ) (-1024 0 -640 ) 
4 126 168 (-1024 -768 -198.516022 ) (-1024 -768 -192 ) (-1024 0 -192 ) (-1024 0 -198.516022 ) 
4 126 135 (-192 -768 -192 ) (-1024 -768 -192 ) (-1024 -768 -640 ) (-192 -768 -640 ) 
4 126 132 (0 -768 -640 ) (0 -768 -192 ) (-192 -768 -192 ) (-192 -768 -640 ) 
4 127 145 (0 -1024 -184 ) (0 -1024 576 ) (-176 -1024 576 ) (-176 -1024 -184 ) 
4 127 131 (-176 -784 -184 ) (-176 -768 -184 ) (0 -768 -184 ) (0 -784 -184 ) 
4 127 129 (-176 -800 45.336498 ) (-176 -800 576 ) (-176 -784 576 ) (-176 -784 45.336498 ) 
4 127 128 (-176 -768 576 ) (-176 -768 -184 ) (-176 -784 -184 ) (-176 -784 576 ) 
4 127 130 (-176 -800 -184 ) (-176 -1024 -184 ) (-176 -1024 576 ) (-176 -800 576 ) 
4 128 133 (-192 -768 576 ) (-192 -768 -184 ) (-192 -784 -184 ) (-192 -784 576 ) 
4 128 131 (-192 -784 -184 ) (-192 -768 -184 ) (-176 -768 -184 ) (-176 -784 -184 ) 
4 128 129 (-192 -784 576 ) (-192 -784 45.336498 ) (-176 -784 45.336498 ) (-176 -784 576 ) 
4 129 133 (-192 -800 45.336498 ) (-192 -800 576 ) (-192 -784 576 ) (-192 -784 45.336498 ) 
4 129 130 (-192 -800 576 ) (-192 -800 45.336498 ) (-176 -800 45.336498 ) (-176 -800 576 ) 
4 130 146 (-176 -1024 576 ) (-192 -1024 576 ) (-192 -1024 -184 ) (-176 -1024 -184 ) 
4 130 133 (-192 -800 -184 ) (-192 -1024 -184 ) (-192 -1024 576 ) (-192 -800 576 ) 
4 131 133 (-192 -768 -184 ) (-192 -768 -189.337006 ) (-192 -784 -189.337006 ) (-192 -784 -184 ) 
4 131 132 (-192 -784 -189.337006 ) (-192 -768 -189.337006 ) (0 -768 -189.337006 ) (0 -784 -189.337006 ) 
4 132 148 (0 -1024 -640 ) (0 -1024 -189.337006 ) (-192 -1024 -189.337006 ) (-192 -1024 -640 ) 
4 132 135 (-192 -768 -192 ) (-192 -768 -640 ) (-192 -1024 -640 ) (-192 -1024 -192 ) 
4 132 133 (-192 -768 -189.337006 ) (-192 -768 -192 ) (-192 -1024 -192 ) (-192 -1024 -189.337006 ) 
4 133 149 (-384 -1024 -192 ) (-192 -1024 -192 ) (-192 -1024 576 ) (-384 -1024 576 ) 
4 133 135 (-384 -768 -192 ) (-192 -768 -192 ) (-192 -1024 -192 ) (-384 -1024 -192 ) 
4 134 168 (-1024 -1024 -192 ) (-1024 -1024 576 ) (-1024 -768 576 ) (-1024 -768 -192 ) 
4 134 151 (-1024 -1024 576 ) (-1024 -1024 -192 ) (-448 -1024 -192 ) (-448 -1024 576 ) 
4 134 135 (-1024 -1024 -192 ) (-1024 -768 -192 ) (-448 -768 -192 ) (-448 -1024 -192 ) 
4 135 172 (-1024 -1024 -640 ) (-1024 -1024 -198.516022 ) (-1024 -768 -198.516022 ) (-1024 -768 -640 ) 
4 135 168 (-1024 -1024 -198.516022 ) (-1024 -1024 -192 ) (-1024 -768 -192 ) (-1024 -768 -198.516022 ) 
4 135 150 (-448 -1024 -640 ) (-384 -1024 -640 ) (-384 -1024 -192 ) (-448 -1024 -192 ) 
4 135 149 (-384 -1024 -640 ) (-192 -1024 -640 ) (-192 -1024 -192 ) (-384 -1024 -192 ) 
4 135 151 (-1024 -1024 -192 ) (-1024 -1024 -640 ) (-448 -1024 -640 ) (-448 -1024 -192 ) 
4 136 176 (1024 -2048 -184 ) (1024 -2048 3132 ) (320 -2048 3132 ) (320 -2048 -184 ) 
4 136 141 (320 -1024 -184 ) (1024 -1024 -184 ) (1024 -2048 -184 ) (320 -2048 -184 ) 
4 136 138 (320 -1152 45.336498 ) (320 -1152 3132 ) (320 -1136 3132 ) (320 -1136 45.336498 ) 
4 136 137 (320 -1024 -184 ) (320 -1136 -184 ) (320 -1136 3132 ) (320 -1024 3132 ) 
4 136 139 (320 -1152 -184 ) (320 -2048 -184 ) (320 -2048 3132 ) (320 -1152 3132 ) 
4 137 138 (304 -1136 3132 ) (304 -1136 45.336498 ) (320 -1136 45.336498 ) (320 -1136 3132 ) 
4 137 140 (304 -1024 -184 ) (304 -1136 -184 ) (304 -1136 3132 ) (304 -1024 3132 ) 
4 138 140 (304 -1152 45.336498 ) (304 -1152 3132 ) (304 -1136 3132 ) (304 -1136 45.336498 ) 
4 138 139 (304 -1152 3132 ) (304 -1152 45.336498 ) (320 -1152 45.336498 ) (320 -1152 3132 ) 
4 139 176 (320 -2048 3132 ) (304 -2048 3132 ) (304 -2048 -184 ) (320 -2048 -184 ) 
4 139 143 (320 -1152 -184 ) (320 -2048 -184 ) (304 -2048 -184 ) (304 -1152 -184 ) 
4 139 140 (304 -1152 -184 ) (304 -2048 -184 ) (304 -2048 3132 ) (304 -1152 3132 ) 
4 140 176 (304 -2048 3132 ) (0 -2048 3132 ) (0 -2048 -184 ) (304 -2048 -184 ) 
4 140 155 (0 -1600 -184 ) (0 -2048 -184 ) (0 -2048 576 ) (0 -1600 576 ) 
4 140 152 (0 -1152 -184 ) (0 -1600 -184 ) (0 -1600 576 ) (0 -1152 576 ) 
4 140 145 (0 -1024 576 ) (0 -1024 -184 ) (0 -1152 -184 ) (0 -1152 576 ) 
4 140 144 (0 -1024 3132 ) (0 -1024 576 ) (0 -2048 576 ) (0 -2048 3132 ) 
4 140 143 (304 -1152 -184 ) (304 -2048 -184 ) (0 -2048 -184 ) (0 -1152 -184 ) 
4 141 176 (1024 -2048 -640 ) (1024 -2048 -184 ) (320 -2048 -184 ) (320 -2048 -640 ) 
4 141 142 (320 -1024 -640 ) (320 -1152 -640 ) (320 -1152 -189.337006 ) (320 -1024 -189.337006 ) 
4 141 143 (320 -1152 -640 ) (320 -2048 -640 ) (320 -2048 -184 ) (320 -1152 -184 ) 
4 142 148 (0 -1024 -189.337006 ) (0 -1024 -640 ) (0 -1152 -640 ) (0 -1152 -189.337006 ) 
4 142 143 (0 -1152 -640 ) (320 -1152 -640 ) (320 -1152 -189.337006 ) (0 -1152 -189.337006 ) 
4 143 176 (320 -2048 -184 ) (0 -2048 -184 ) (0 -2048 -640 ) (320 -2048 -640 ) 
4 143 155 (0 -1600 -640 ) (0 -2048 -640 ) (0 -2048 -184 ) (0 -1600 -184 ) 
4 143 152 (0 -1152 -640 ) (0 -1600 -640 ) (0 -1600 -184 ) (0 -1152 -184 ) 
4 144 177 (0 -2048 576 ) (0 -2048 3132 ) (-1024 -2048 3132 ) (-1024 -2048 576 ) 
4 144 173 (-1024 -2048 576 ) (-1024 -2048 3132 ) (-1024 -1024 3132 ) (-1024 -1024 576 ) 
4 144 157 (-384 -1984 576 ) (-384 -2048 576 ) (-448 -2048 576 ) (-448 -1984 576 ) 
4 144 155 (-384 -1600 576 ) (0 -1600 576 ) (0 -2048 576 ) (-384 -2048 576 ) 
4 144 158 (-1024 -2048 576 ) (-1024 -1600 576 ) (-448 -1600 576 ) (-448 -2048 576 ) 
4 144 152 (-384 -1152 576 ) (0 -1152 576 ) (0 -1600 576 ) (-384 -1600 576 ) 
4 144 154 (-1024 -1600 576 ) (-1024 -1152 576 ) (-448 -1152 576 ) (-448 -1600 576 ) 
4 144 149 (-384 -1024 576 ) (-192 -1024 576 ) (-192 -1152 576 ) (-384 -1152 576 ) 
4 144 151 (-1024 -1152 576 ) (-1024 -1024 576 ) (-448 -1024 576 ) (-448 -1152 576 ) 
4 144 147 (-176 -1136 576 ) (-176 -1152 576 ) (-192 -1152 576 ) (-192 -1136 576 ) 
4 144 146 (-192 -1024 576 ) (-176 -1024 576 ) (-176 -1136 576 ) (-192 -1136 576 ) 
4 144 145 (-176 -1024 576 ) (0 -1024 576 ) (0 -1152 576 ) (-176 -1152 576 ) 
4 145 152 (0 -1152 -184 ) (0 -1152 576 ) (-176 -1152 576 ) (-176 -1152 -184 ) 
4 145 147 (-176 -1152 45.336498 ) (-176 -1152 576 ) (-176 -1136 576 ) (-176 -1136 45.336498 ) 
4 145 146 (-176 -1024 -184 ) (-176 -1136 -184 ) (-176 -1136 576 ) (-176 -1024 576 ) 
4 146 149 (-192 -1136 576 ) (-192 -1024 576 ) (-192 -1024 -184 ) (-192 -1136 -184 ) 
4 146 147 (-192 -1136 576 ) (-192 -1136 45.336498 ) (-176 -1136 45.336498 ) (-176 -1136 576 ) 
4 147 152 (-176 -1152 576 ) (-192 -1152 576 ) (-192 -1152 45.336498 ) (-176 -1152 45.336498 ) 
4 147 149 (-192 -1152 45.336498 ) (-192 -1152 576 ) (-192 -1136 576 ) (-192 -1136 45.336498 ) 
4 148 152 (0 -1152 -640 ) (0 -1152 -189.337006 ) (-192 -1152 -189.337006 ) (-192 -1152 -640 ) 
4 148 149 (-192 -1152 -640 ) (-192 -1152 -189.337006 ) (-192 -1024 -189.337006 ) (-192 -1024 -640 ) 
4 149 152 (-192 -1152 -640 ) (-192 -1152 576 ) (-384 -1152 576 ) (-384 -1152 -640 ) 
4 149 150 (-384 -1024 -640 ) (-384 -1152 -640 ) (-384 -1152 -192 ) (-384 -1024 -192 ) 
4 150 153 (-448 -1152 -192 ) (-448 -1152 -640 ) (-384 -1152 -640 ) (-384 -1152 -192 ) 
4 150 151 (-448 -1024 -640 ) (-448 -1152 -640 ) (-448 -1152 -192 ) (-448 -1024 -192 ) 
4 151 173 (-1024 -1152 -640 ) (-1024 -1152 576 ) (-1024 -1024 576 ) (-1024 -1024 -640 ) 
4 151 154 (-448 -1152 576 ) (-1024 -1152 576 ) (-1024 -1152 -640 ) (-448 -1152 -640 ) 
4 152 155 (0 -1600 -640 ) (0 -1600 576 ) (-384 -1600 576 ) (-384 -1600 -640 ) 
4 152 153 (-384 -1152 192 ) (-384 -1152 -640 ) (-384 -1600 -640 ) (-384 -1600 192 ) 
4 153 156 (-448 -1600 -192 ) (-448 -1600 -640 ) (-384 -1600 -640 ) (-384 -1600 -192 ) 
4 153 154 (-448 -1152 192 ) (-448 -1152 -640 ) (-448 -1600 -640 ) (-448 -1600 192 ) 
4 154 173 (-1024 -1600 -640 ) (-1024 -1600 576 ) (-1024 -1152 576 ) (-1024 -1152 -640 ) 
4 154 158 (-448 -1600 576 ) (-1024 -1600 576 ) (-1024 -1600 -640 ) (-448 -1600 -640 ) 
4 155 177 (0 -2048 -640 ) (0 -2048 576 ) (-384 -2048 576 ) (-384 -2048 -640 ) 
4 155 156 (-384 -1600 -192 ) (-384 -1600 -640 ) (-384 -1984 -640 ) (-384 -1984 -192 ) 
4 155 157 (-384 -1984 -640 ) (-384 -2048 -640 ) (-384 -2048 576 ) (-384 -1984 576 ) 
4 156 157 (-448 -1984 -192 ) (-448 -1984 -640 ) (-384 -1984 -640 ) (-384 -1984 -192 ) 
4 156 158 (-448 -1600 -192 ) (-448 -1600 -640 ) (-448 -1984 -640 ) (-448 -1984 -192 ) 
4 157 177 (-384 -2048 576 ) (-448 -2048 576 ) (-448 -2048 -640 ) (-384 -2048 -640 ) 
4 157 158 (-448 -1984 -640 ) (-448 -2048 -640 ) (-448 -2048 576 ) (-448 -1984 576 ) 
4 158 177 (-448 -2048 576 ) (-1024 -2048 576 ) (-1024 -2048 -640 ) (-448 -2048 -640 ) 
4 158 173 (-1024 -2048 -640 ) (-1024 -2048 576 ) (-1024 -1600 576 ) (-1024 -1600 -640 ) 
4 159 169 (-1152 0 3132 ) (-1536 0 3132 ) (-1536 0 -128 ) (-1152 0 -128 ) 
4 159 168 (-1024 0 -128 ) (-1024 0 3132 ) (-1152 0 3132 ) (-1152 0 -128 ) 
4 159 171 (-1536 0 3132 ) (-2048 0 3132 ) (-2048 0 -128 ) (-1536 0 -128 ) 
4 159 167 (-2048 1024 3132 ) (-2048 1024 -128 ) (-2048 0 -128 ) (-2048 0 3132 ) 
4 159 164 (-1152 0 -128 ) (-1536 0 -128 ) (-1536 64 -128 ) (-1152 64 -128 ) 
4 159 163 (-1024 0 -128 ) (-1152 0 -128 ) (-1152 64 -128 ) (-1024 64 -128 ) 
4 159 165 (-1536 0 -128 ) (-2048 0 -128 ) (-2048 64 -128 ) (-1536 64 -128 ) 
4 159 160 (-1664 1024 -128 ) (-1024 1024 -128 ) (-1024 704 -128 ) (-1664 704 -128 ) 
4 159 161 (-2048 64 -128 ) (-2048 1024 -128 ) (-1664 1024 -128 ) (-1664 64 -128 ) 
4 160 162 (-1664 704 -192 ) (-1664 1024 -192 ) (-1024 1024 -192 ) (-1024 704 -192 ) 
4 160 161 (-1664 1024 -192 ) (-1664 704 -192 ) (-1664 704 -128 ) (-1664 1024 -128 ) 
4 161 167 (-2048 1024 -128 ) (-2048 1024 -192 ) (-2048 64 -192 ) (-2048 64 -128 ) 
4 161 165 (-1664 64 -128 ) (-2048 64 -128 ) (-2048 64 -192 ) (-1664 64 -192 ) 
4 161 162 (-1664 64 -192 ) (-2048 64 -192 ) (-2048 1024 -192 ) (-1664 1024 -192 ) 
4 162 167 (-2048 1024 -192 ) (-2048 1024 -640 ) (-2048 64 -640 ) (-2048 64 -192 ) 
4 162 166 (-2048 64 -198.516022 ) (-2048 64 -640 ) (-1024 64 -640 ) (-1024 64 -198.516022 ) 
4 162 163 (-1152 64 -198.516022 ) (-1024 64 -198.516022 ) (-1024 64 -192 ) (-1152 64 -192 ) 
4 162 165 (-2048 64 -192 ) (-2048 64 -198.516022 ) (-1536 64 -198.516022 ) (-1536 64 -192 ) 
4 163 168 (-1024 0 -198.516022 ) (-1024 0 -128 ) (-1152 0 -128 ) (-1152 0 -198.516022 ) 
4 163 166 (-1024 0 -198.516022 ) (-1152 0 -198.516022 ) (-1152 64 -198.516022 ) (-1024 64 -198.516022 ) 
3 163 164 (-1152 64 -128 ) (-1152 0 -149.333328 ) (-1152 0 -128 ) 
4 164 169 (-1152 0 -128 ) (-1536 0 -128 ) (-1536 0 -149.333328 ) (-1152 0 -149.333328 ) 
3 164 165 (-1536 64 -128 ) (-1536 0 -149.333328 ) (-1536 0 -128 ) 
4 165 171 (-1536 0 -128 ) (-2048 0 -128 ) (-2048 0 -198.516022 ) (-1536 0 -198.516022 ) 
4 165 167 (-2048 0 -198.516022 ) (-2048 0 -128 ) (-2048 64 -128 ) (-2048 64 -198.516022 ) 
4 165 166 (-1536 0 -198.516022 ) (-2048 0 -198.516022 ) (-2048 64 -198.516022 ) (-1536 64 -198.516022 ) 
4 166 172 (-1024 0 -640 ) (-1024 0 -198.516022 ) (-2048 0 -198.516022 ) (-2048 0 -640 ) 
4 166 167 (-2048 0 -640 ) (-2048 0 -198.516022 ) (-2048 64 -198.516022 ) (-2048 64 -640 ) 
4 167 174 (-2048 0 -640 ) (-2048 0 3132 ) (-2112 0 3132 ) (-2112 0 -640 ) 
4 168 173 (-1024 -1024 -198.516022 ) (-1024 -1024 3132 ) (-1152 -1024 3132 ) (-1152 -1024 -198.516022 ) 
4 168 172 (-1152 0 -198.516022 ) (-1024 0 -198.516022 ) (-1024 -1024 -198.516022 ) (-1152 -1024 -198.516022 ) 
4 168 169 (-1152 -128 -192 ) (-1152 -128 3132 ) (-1152 0 3132 ) (-1152 0 -149.333496 ) 
4 168 170 (-1152 -128 -198.516022 ) (-1152 -1024 -198.516022 ) (-1152 -1024 3132 ) (-1152 -128 3132 ) 
4 169 170 (-1536 -128 3132 ) (-1536 -128 -192 ) (-1152 -128 -192 ) (-1152 -128 3132 ) 
4 169 171 (-1536 -128 -192 ) (-1536 -128 3132 ) (-1536 0 3132 ) (-1536 0 -149.333496 ) 
4 170 173 (-1152 -1024 3132 ) (-1536 -1024 3132 ) (-1536 -1024 -198.516022 ) (-1152 -1024 -198.516022 ) 
4 170 172 (-1152 -128 -198.516022 ) (-1152 -1024 -198.516022 ) (-1536 -1024 -198.516022 ) (-1536 -128 -198.516022 ) 
4 170 171 (-1536 -128 -198.516022 ) (-1536 -1024 -198.516022 ) (-1536 -1024 3132 ) (-1536 -128 3132 ) 
4 171 174 (-2048 0 3132 ) (-2048 0 -198.516022 ) (-2048 -1024 -198.516022 ) (-2048 -1024 3132 ) 
4 171 173 (-1536 -1024 3132 ) (-2048 -1024 3132 ) (-2048 -1024 -198.516022 ) (-1536 -1024 -198.516022 ) 
4 171 172 (-2048 -1024 -198.516022 ) (-2048 0 -198.516022 ) (-1536 0 -198.516022 ) (-1536 -1024 -198.516022 ) 
4 172 174 (-2048 0 -198.516022 ) (-2048 0 -640 ) (-2048 -1024 -640 ) (-2048 -1024 -198.516022 ) 
4 172 173 (-1024 -1024 -640 ) (-1024 -1024 -198.516022 ) (-2048 -1024 -198.516022 ) (-2048 -1024 -640 ) 
4 173 178 (-1024 -2048 -640 ) (-1024 -2048 3132 ) (-2048 -2048 3132 ) (-2048 -2048 -640 ) 
4 173 175 (-2048 -2048 -640 ) (-2048 -2048 3132 ) (-2048 -1024 3132 ) (-2048 -1024 -640 ) 
4 174 175 (-2048 -1024 -640 ) (-2048 -1024 3132 ) (-2112 -1024 3132 ) (-2112 -1024 -640 ) 
4 175 179 (-2048 -2048 -640 ) (-2048 -2048 3132 ) (-2112 -2048 3132 ) (-2112 -2048 -640 ) 
4 176 177 (0 -2048 3132 ) (0 -2048 -640 ) (0 -3036 -640 ) (0 -3036 3132 ) 
4 177 178 (-1024 -2048 3132 ) (-1024 -2048 -640 ) (-1024 -3036 -640 ) (-1024 -3036 3132 ) 
4 178 179 (-2048 -2048 3132 ) (-2048 -2048 -640 ) (-2048 -3036 -640 ) (-2048 -3036 3132 ) 
