PRT1
105
267
4 0 2 (2048 2048 -368 ) (2048 2048 880 ) (2048 2096 880 ) (2048 2096 -368 ) 
4 0 1 (2048 2048 880 ) (2048 2048 -368 ) (2096 2048 -368 ) (2096 2048 880 ) 
4 1 8 (2096 1024 880 ) (2048 1024 880 ) (2048 1024 -368 ) (2096 1024 -368 ) 
4 1 5 (2048 1024 -368 ) (2048 1024 -256 ) (2048 2048 -256 ) (2048 2048 -368 ) 
4 1 4 (2048 1024 -192 ) (2048 1024 880 ) (2048 2048 880 ) (2048 2048 -192 ) 
4 2 5 (2048 2048 -368 ) (2048 2048 -256 ) (1024 2048 -256 ) (1024 2048 -368 ) 
4 2 4 (2048 2048 -192 ) (2048 2048 880 ) (1024 2048 880 ) (1024 2048 -192 ) 
4 2 3 (1024 2096 -368 ) (1024 2048 -368 ) (1024 2048 880 ) (1024 2096 880 ) 
4 3 58 (0 2048 -368 ) (0 2048 880 ) (0 2096 880 ) (0 2096 -368 ) 
4 3 7 (0 2048 -256 ) (0 2048 -368 ) (1024 2048 -368 ) (1024 2048 -256 ) 
4 3 6 (0 2048 880 ) (0 2048 -192 ) (1024 2048 -192 ) (1024 2048 880 ) 
4 4 10 (2048 1024 -192 ) (2048 1024 880 ) (1024 1024 880 ) (1024 1024 -192 ) 
4 4 6 (1024 2048 880 ) (1024 2048 -192 ) (1024 1024 -192 ) (1024 1024 880 ) 
4 5 11 (2048 1024 -368 ) (2048 1024 -256 ) (1024 1024 -256 ) (1024 1024 -368 ) 
4 5 7 (1024 2048 -256 ) (1024 2048 -368 ) (1024 1024 -368 ) (1024 1024 -256 ) 
4 6 60 (0 1024 -192 ) (0 1024 880 ) (0 2048 880 ) (0 2048 -192 ) 
4 6 22 (0 1024 512 ) (0 1024 -192 ) (384 1024 -192 ) (384 1024 512 ) 
4 6 21 (0 1024 576 ) (0 1024 512 ) (384 1024 512 ) (384 1024 576 ) 
4 6 20 (384 1024 880 ) (0 1024 880 ) (0 1024 576 ) (384 1024 576 ) 
4 6 17 (384 1024 322.139008 ) (384 1024 -192 ) (704 1024 -192 ) (704 1024 322.139008 ) 
4 6 16 (704 1024 -192 ) (832 1024 -192 ) (832 1024 322.139008 ) (704 1024 322.139008 ) 
4 6 15 (384 1024 512 ) (384 1024 322.139008 ) (832 1024 322.139008 ) (832 1024 512 ) 
4 6 14 (384 1024 576 ) (384 1024 512 ) (832 1024 512 ) (832 1024 576 ) 
4 6 13 (832 1024 880 ) (384 1024 880 ) (384 1024 576 ) (832 1024 576 ) 
4 6 12 (1024 1024 -192 ) (1024 1024 880 ) (832 1024 880 ) (832 1024 -192 ) 
4 7 61 (0 1024 -368 ) (0 1024 -256 ) (0 2048 -256 ) (0 2048 -368 ) 
4 7 28 (1024 1024 -368 ) (1024 1024 -256 ) (0 1024 -256 ) (0 1024 -368 ) 
4 8 11 (2048 0 -368 ) (2048 0 -256 ) (2048 1024 -256 ) (2048 1024 -368 ) 
4 8 10 (2048 0 -192 ) (2048 0 880 ) (2048 1024 880 ) (2048 1024 -192 ) 
4 8 9 (2096 0 880 ) (2048 0 880 ) (2048 0 -368 ) (2096 0 -368 ) 
4 9 51 (2096 -1024 880 ) (2048 -1024 880 ) (2048 -1024 -368 ) (2096 -1024 -368 ) 
4 9 30 (2048 -1024 -368 ) (2048 -1024 -256 ) (2048 0 -256 ) (2048 0 -368 ) 
4 9 29 (2048 -1024 -192 ) (2048 -1024 880 ) (2048 0 880 ) (2048 0 -192 ) 
4 10 29 (2048 0 -192 ) (2048 0 880 ) (1024 0 880 ) (1024 0 -192 ) 
4 10 12 (1024 0 -192 ) (1024 0 880 ) (1024 1024 880 ) (1024 1024 -192 ) 
4 11 30 (2048 0 -368 ) (2048 0 -256 ) (1024 0 -256 ) (1024 0 -368 ) 
4 11 28 (1024 0 -368 ) (1024 0 -256 ) (1024 1024 -256 ) (1024 1024 -368 ) 
4 12 42 (832 0 -192 ) (1024 0 -192 ) (1024 0 192 ) (832 0 192 ) 
4 12 34 (1024 0 192 ) (1024 0 512 ) (832 0 512 ) (832 0 192 ) 
4 12 31 (1024 0 512 ) (1024 0 880 ) (832 0 880 ) (832 0 512 ) 
4 12 16 (832 1024 322.139008 ) (832 1024 -192 ) (832 64 -192 ) (832 64 322.139008 ) 
4 12 15 (832 1024 512 ) (832 1024 322.139008 ) (832 64 322.139008 ) (832 64 512 ) 
4 12 14 (832 1024 576 ) (832 1024 512 ) (832 192 512 ) (832 192 576 ) 
4 12 13 (832 1024 880 ) (832 1024 576 ) (832 0 576 ) (832 0 880 ) 
4 13 32 (832 0 576 ) (832 0 880 ) (384 0 880 ) (384 0 576 ) 
4 13 20 (384 0 576 ) (384 0 880 ) (384 1024 880 ) (384 1024 576 ) 
4 13 14 (384 192 576 ) (384 1024 576 ) (832 1024 576 ) (832 192 576 ) 
4 14 21 (384 192 576 ) (384 1024 576 ) (384 1024 512 ) (384 192 512 ) 
4 14 15 (384 192 512 ) (384 1024 512 ) (832 1024 512 ) (832 192 512 ) 
4 15 22 (384 192 512 ) (384 1024 512 ) (384 1024 322.139008 ) (384 192 322.139008 ) 
4 15 18 (384 64 322.139008 ) (384 192 322.139008 ) (704 192 322.139008 ) (704 64 322.139008 ) 
4 15 17 (384 192 322.139008 ) (384 1024 322.139008 ) (704 1024 322.139008 ) (704 192 322.139008 ) 
4 15 16 (704 1024 322.139008 ) (832 1024 322.139008 ) (832 64 322.139008 ) (704 64 322.139008 ) 
4 16 18 (704 64 160 ) (704 64 322.139008 ) (704 192 322.139008 ) (704 192 160 ) 
4 16 17 (704 1024 -192 ) (704 192 -192 ) (704 192 322.139008 ) (704 1024 322.139008 ) 
4 17 22 (384 1024 -192 ) (384 192 -192 ) (384 192 322.139008 ) (384 1024 322.139008 ) 
4 17 18 (704 192 160 ) (704 192 322.139008 ) (384 192 322.139008 ) (384 192 160 ) 
4 18 19 (592 64 322.139008 ) (384 64 322.139008 ) (384 64 194.139008 ) (592 64 194.139008 ) 
4 19 36 (592 0 322.139008 ) (384 0 322.139008 ) (384 0 194.139008 ) (592 0 194.139008 ) 
4 20 67 (0 0 576 ) (0 0 880 ) (0 192 880 ) (0 192 576 ) 
4 20 66 (0 192 880 ) (0 1024 880 ) (0 1024 576 ) (0 192 576 ) 
4 20 32 (0 0 880 ) (0 0 576 ) (384 0 576 ) (384 0 880 ) 
4 20 21 (0 192 576 ) (0 1024 576 ) (384 1024 576 ) (384 192 576 ) 
4 21 66 (0 192 576 ) (0 1024 576 ) (0 1024 512 ) (0 192 512 ) 
4 21 22 (0 1024 512 ) (384 1024 512 ) (384 192 512 ) (0 192 512 ) 
4 22 68 (0 192 512 ) (0 1024 512 ) (0 1024 -192 ) (0 192 -192 ) 
4 22 23 (0 192 -192 ) (320 192 -192 ) (320 192 512 ) (0 192 512 ) 
5 23 68 (0 151.089066 512 ) (0 192 512 ) (0 192 -192 ) (0 64 -192 ) (0 64 186.977753 ) 
4 23 25 (0 64 186.976563 ) (320 64 186.976563 ) (320 151.089386 512 ) (0 151.089386 512 ) 
3 24 69 (0 64 512 ) (0 134.525375 512 ) (0 64 248.796616 ) 
4 24 26 (320 64 248.796616 ) (320 64 512 ) (0 64 512 ) (0 64 248.796631 ) 
4 24 25 (320 134.524979 512 ) (320 64 248.796875 ) (0 64 248.796875 ) (0 134.524979 512 ) 
4 25 70 (0 134.525375 512 ) (0 151.089066 512 ) (0 64 186.977753 ) (0 64 248.796616 ) 
4 25 27 (320 64 192 ) (320 64 248.796616 ) (0 64 248.796631 ) (0 64 192 ) 
5 26 71 (0 0 192 ) (0 0 512 ) (0 64 512 ) (0 64 248.796600 ) (0 48.781342 192 ) 
4 26 40 (0 0 512 ) (0 0 192 ) (320 0 192 ) (320 0 512 ) 
4 26 27 (320 48.780277 192 ) (0 48.780273 192 ) (0 64 248.800552 ) (320 64 248.800537 ) 
3 27 72 (0 64 248.796600 ) (0 64 192 ) (0 48.781342 192 ) 
4 28 81 (0 0 -368 ) (0 0 -256 ) (0 1024 -256 ) (0 1024 -368 ) 
4 28 50 (0 0 -256 ) (0 0 -368 ) (1024 0 -368 ) (1024 0 -256 ) 
4 29 52 (2048 -1024 -192 ) (2048 -1024 880 ) (1024 -1024 880 ) (1024 -1024 -192 ) 
4 29 43 (1024 -320 -192 ) (1024 -1024 -192 ) (1024 -1024 192 ) (1024 -320 192 ) 
4 29 42 (1024 0 192 ) (1024 0 -192 ) (1024 -320 -192 ) (1024 -320 192 ) 
4 29 34 (1024 0 512 ) (1024 0 192 ) (1024 -1024 192 ) (1024 -1024 512 ) 
4 29 31 (1024 0 880 ) (1024 0 512 ) (1024 -1024 512 ) (1024 -1024 880 ) 
4 30 53 (2048 -1024 -368 ) (2048 -1024 -256 ) (1024 -1024 -256 ) (1024 -1024 -368 ) 
4 30 50 (1024 0 -256 ) (1024 0 -368 ) (1024 -1024 -368 ) (1024 -1024 -256 ) 
4 31 55 (832 -1024 512 ) (1024 -1024 512 ) (1024 -1024 880 ) (832 -1024 880 ) 
4 31 34 (1024 0 512 ) (1024 -1024 512 ) (832 -1024 512 ) (832 0 512 ) 
4 31 32 (832 -576 576 ) (832 -576 880 ) (832 0 880 ) (832 0 576 ) 
4 31 33 (832 -576 512 ) (832 -1024 512 ) (832 -1024 880 ) (832 -576 880 ) 
4 32 84 (0 -576 880 ) (0 0 880 ) (0 0 576 ) (0 -576 576 ) 
4 32 33 (832 -576 576 ) (832 -576 880 ) (0 -576 880 ) (0 -576 576 ) 
4 33 89 (0 -1024 512 ) (0 -1024 576 ) (0 -576 576 ) (0 -576 512 ) 
4 33 84 (0 -1024 576 ) (0 -1024 880 ) (0 -576 880 ) (0 -576 576 ) 
4 33 55 (0 -1024 880 ) (0 -1024 512 ) (832 -1024 512 ) (832 -1024 880 ) 
4 33 41 (320 -1024 512 ) (0 -1024 512 ) (0 -576 512 ) (320 -576 512 ) 
4 33 37 (384 -1024 512 ) (320 -1024 512 ) (320 -576 512 ) (384 -576 512 ) 
4 33 35 (832 -1024 512 ) (640 -1024 512 ) (640 -576 512 ) (832 -576 512 ) 
4 33 36 (640 -1024 512 ) (384 -1024 512 ) (384 -576 512 ) (640 -576 512 ) 
4 34 55 (832 -1024 192 ) (1024 -1024 192 ) (1024 -1024 512 ) (832 -1024 512 ) 
4 34 43 (1024 -1024 192 ) (832 -1024 192 ) (832 -320 192 ) (1024 -320 192 ) 
4 34 42 (832 -320 192 ) (832 0 192 ) (1024 0 192 ) (1024 -320 192 ) 
4 34 35 (832 -320 192 ) (832 -1024 192 ) (832 -1024 512 ) (832 -320 512 ) 
4 35 55 (640 -1024 192 ) (832 -1024 192 ) (832 -1024 512 ) (640 -1024 512 ) 
4 35 44 (768 -1024 192 ) (640 -1024 192 ) (640 -320 192 ) (768 -320 192 ) 
4 35 43 (832 -1024 192 ) (768 -1024 192 ) (768 -320 192 ) (832 -320 192 ) 
4 35 36 (640 -320 192 ) (640 -1024 192 ) (640 -1024 512 ) (640 -320 512 ) 
4 36 55 (384 -1024 192 ) (640 -1024 192 ) (640 -1024 512 ) (384 -1024 512 ) 
4 36 49 (512 -1024 192 ) (384 -1024 192 ) (384 -768 192 ) (512 -768 192 ) 
4 36 47 (512 -512 192 ) (512 -320 192 ) (640 -320 192 ) (640 -512 192 ) 
4 36 48 (640 -1024 192 ) (512 -1024 192 ) (512 -512 192 ) (640 -512 192 ) 
4 36 38 (384 -304 192 ) (384 -512 192 ) (384 -512 320 ) (384 -304 320 ) 
4 36 39 (384 -576 192 ) (384 -1024 192 ) (384 -1024 320 ) (384 -576 320 ) 
4 36 37 (384 -1024 320 ) (384 -1024 512 ) (384 -576 512 ) (384 -576 320 ) 
4 37 55 (384 -1024 320 ) (384 -1024 512 ) (320 -1024 512 ) (320 -1024 320 ) 
4 37 41 (320 -1024 320 ) (320 -1024 512 ) (320 -576 512 ) (320 -576 320 ) 
4 37 39 (320 -1024 320 ) (320 -576 320 ) (384 -576 320 ) (384 -1024 320 ) 
4 38 40 (320 -304 192 ) (320 -512 192 ) (320 -512 320 ) (320 -304 320 ) 
4 39 55 (320 -1024 192 ) (384 -1024 192 ) (384 -1024 320 ) (320 -1024 320 ) 
4 39 49 (384 -1024 192 ) (320 -1024 192 ) (320 -768 192 ) (384 -768 192 ) 
4 39 41 (320 -576 192 ) (320 -1024 192 ) (320 -1024 320 ) (320 -576 320 ) 
4 40 85 (0 -512 512 ) (0 0 512 ) (0 0 192 ) (0 -512 192 ) 
4 41 89 (0 -1024 192 ) (0 -1024 512 ) (0 -576 512 ) (0 -576 192 ) 
4 41 55 (0 -1024 512 ) (0 -1024 192 ) (320 -1024 192 ) (320 -1024 512 ) 
4 41 49 (320 -1024 192 ) (0 -1024 192 ) (0 -768 192 ) (320 -768 192 ) 
4 42 43 (832 -320 -192 ) (1024 -320 -192 ) (1024 -320 192 ) (832 -320 192 ) 
4 43 55 (768 -1024 -192 ) (1024 -1024 -192 ) (1024 -1024 192 ) (768 -1024 192 ) 
3 43 45 (768 -896 -160 ) (768 -896 128 ) (768 -512 128 ) 
4 43 46 (768 -896 -192 ) (768 -1024 -192 ) (768 -1024 128 ) (768 -896 128 ) 
4 43 44 (768 -320 192 ) (768 -320 128 ) (768 -1024 128 ) (768 -1024 192 ) 
4 44 55 (768 -1024 128 ) (768 -1024 192 ) (640 -1024 192 ) (640 -1024 128 ) 
4 44 47 (640 -512 192 ) (640 -320 192 ) (640 -320 128 ) (640 -512 128 ) 
4 44 48 (640 -1024 128 ) (640 -1024 192 ) (640 -512 192 ) (640 -512 128 ) 
4 44 45 (640 -896 128 ) (640 -512 128 ) (768 -512 128 ) (768 -896 128 ) 
4 44 46 (640 -1024 128 ) (640 -896 128 ) (768 -896 128 ) (768 -1024 128 ) 
3 45 48 (640 -896 -160 ) (640 -896 128 ) (640 -512 128 ) 
4 45 46 (768 -896 -160 ) (768 -896 128 ) (640 -896 128 ) (640 -896 -160 ) 
4 46 55 (640 -1024 -192 ) (768 -1024 -192 ) (768 -1024 128 ) (640 -1024 128 ) 
4 46 48 (640 -896 -192 ) (640 -1024 -192 ) (640 -1024 128 ) (640 -896 128 ) 
3 47 48 (512 -512 192 ) (640 -512 128 ) (640 -512 192 ) 
4 48 55 (512 -1024 -192 ) (640 -1024 -192 ) (640 -1024 192 ) (512 -1024 192 ) 
4 48 49 (512 -768 -192 ) (512 -1024 -192 ) (512 -1024 192 ) (512 -768 192 ) 
4 49 91 (0 -1024 -192 ) (0 -1024 192 ) (0 -768 192 ) (0 -768 -192 ) 
4 49 55 (0 -1024 192 ) (0 -1024 -192 ) (512 -1024 -192 ) (512 -1024 192 ) 
4 50 93 (0 -1024 -368 ) (0 -1024 -256 ) (0 0 -256 ) (0 0 -368 ) 
4 50 56 (0 -1024 -256 ) (0 -1024 -368 ) (1024 -1024 -368 ) (1024 -1024 -256 ) 
4 51 54 (2048 -1984 -368 ) (2048 -2032 -368 ) (2048 -2032 880 ) (2048 -1984 880 ) 
4 51 52 (2048 -1024 880 ) (2048 -1024 -192 ) (2048 -1984 -192 ) (2048 -1984 880 ) 
4 51 53 (2048 -1024 -256 ) (2048 -1024 -368 ) (2048 -1984 -368 ) (2048 -1984 -256 ) 
4 52 55 (1024 -1024 880 ) (1024 -1024 -192 ) (1024 -1984 -192 ) (1024 -1984 880 ) 
4 52 54 (2048 -1984 -192 ) (2048 -1984 880 ) (1024 -1984 880 ) (1024 -1984 -192 ) 
4 53 56 (1024 -1024 -256 ) (1024 -1024 -368 ) (1024 -1984 -368 ) (1024 -1984 -256 ) 
4 53 54 (1024 -1984 -368 ) (2048 -1984 -368 ) (2048 -1984 -256 ) (1024 -1984 -256 ) 
4 54 57 (1024 -1984 -368 ) (1024 -2032 -368 ) (1024 -2032 880 ) (1024 -1984 880 ) 
4 55 98 (0 -1984 880 ) (0 -1024 880 ) (0 -1024 -192 ) (0 -1984 -192 ) 
4 55 57 (1024 -1984 -192 ) (1024 -1984 880 ) (0 -1984 880 ) (0 -1984 -192 ) 
4 56 99 (0 -1024 -256 ) (0 -1024 -368 ) (0 -1984 -368 ) (0 -1984 -256 ) 
4 56 57 (0 -1984 -368 ) (1024 -1984 -368 ) (1024 -1984 -256 ) (0 -1984 -256 ) 
4 57 100 (0 -2032 880 ) (0 -1984 880 ) (0 -1984 -368 ) (0 -2032 -368 ) 
4 58 61 (0 2048 -368 ) (0 2048 -256 ) (-1024 2048 -256 ) (-1024 2048 -368 ) 
4 58 60 (0 2048 -192 ) (0 2048 880 ) (-1024 2048 880 ) (-1024 2048 -192 ) 
4 58 59 (-1024 2096 -368 ) (-1024 2048 -368 ) (-1024 2048 880 ) (-1024 2096 880 ) 
4 59 64 (-2048 2048 -368 ) (-2048 2048 880 ) (-2048 2096 880 ) (-2048 2096 -368 ) 
4 59 63 (-2048 2048 -256 ) (-2048 2048 -368 ) (-1024 2048 -368 ) (-1024 2048 -256 ) 
4 59 62 (-2048 2048 880 ) (-2048 2048 -192 ) (-1024 2048 -192 ) (-1024 2048 880 ) 
4 60 78 (-576 1024 -192 ) (-512 1024 -192 ) (-512 1024 192 ) (-576 1024 192 ) 
4 60 79 (-1024 1024 192 ) (-1024 1024 -192 ) (-576 1024 -192 ) (-576 1024 192 ) 
4 60 76 (-576 1024 192 ) (-512 1024 192 ) (-512 1024 320 ) (-576 1024 320 ) 
4 60 77 (-1024 1024 320 ) (-1024 1024 192 ) (-576 1024 192 ) (-576 1024 320 ) 
4 60 74 (-576 1024 320 ) (-512 1024 320 ) (-512 1024 576 ) (-576 1024 576 ) 
4 60 75 (-1024 1024 576 ) (-1024 1024 320 ) (-576 1024 320 ) (-576 1024 576 ) 
4 60 73 (-512 1024 880 ) (-1024 1024 880 ) (-1024 1024 576 ) (-512 1024 576 ) 
4 60 68 (0 1024 -192 ) (0 1024 512 ) (-512 1024 512 ) (-512 1024 -192 ) 
4 60 66 (0 1024 512 ) (0 1024 880 ) (-512 1024 880 ) (-512 1024 512 ) 
4 60 62 (-1024 2048 880 ) (-1024 2048 -192 ) (-1024 1024 -192 ) (-1024 1024 880 ) 
4 61 81 (0 1024 -368 ) (0 1024 -256 ) (-1024 1024 -256 ) (-1024 1024 -368 ) 
4 61 63 (-1024 2048 -256 ) (-1024 2048 -368 ) (-1024 1024 -368 ) (-1024 1024 -256 ) 
4 62 82 (-1024 1024 -192 ) (-1024 1024 880 ) (-2048 1024 880 ) (-2048 1024 -192 ) 
4 62 65 (-2048 1024 -192 ) (-2048 1024 880 ) (-2048 2048 880 ) (-2048 2048 -192 ) 
4 63 83 (-1024 1024 -368 ) (-1024 1024 -256 ) (-2048 1024 -256 ) (-2048 1024 -368 ) 
4 63 65 (-2048 1024 -368 ) (-2048 1024 -256 ) (-2048 2048 -256 ) (-2048 2048 -368 ) 
4 64 65 (-2048 2048 -368 ) (-2048 2048 880 ) (-2096 2048 880 ) (-2096 2048 -368 ) 
4 65 96 (-2048 1024 -368 ) (-2048 1024 880 ) (-2096 1024 880 ) (-2096 1024 -368 ) 
4 66 74 (-512 1024 576 ) (-512 1024 512 ) (-512 960 512 ) (-512 960 576 ) 
4 66 73 (-512 192 880 ) (-512 1024 880 ) (-512 1024 576 ) (-512 192 576 ) 
4 66 68 (-512 192 512 ) (-512 1024 512 ) (0 1024 512 ) (0 192 512 ) 
4 66 67 (0 192 576 ) (0 192 880 ) (-512 192 880 ) (-512 192 576 ) 
4 67 84 (0 0 576 ) (0 0 880 ) (-512 0 880 ) (-512 0 576 ) 
4 67 73 (-512 0 576 ) (-512 0 880 ) (-512 192 880 ) (-512 192 576 ) 
4 68 78 (-512 1024 -192 ) (-512 960 -192 ) (-512 960 192 ) (-512 1024 192 ) 
4 68 76 (-512 960 320 ) (-512 1024 320 ) (-512 1024 192 ) (-512 960 192 ) 
4 68 74 (-512 960 512 ) (-512 1024 512 ) (-512 1024 320 ) (-512 960 320 ) 
4 68 70 (-512 64 186.976563 ) (0 64 186.976563 ) (0 151.089615 512 ) (-512 151.089615 512 ) 
4 69 71 (0 64 512 ) (-512 64 512 ) (-512 64 248.796631 ) (0 64 248.796616 ) 
4 69 70 (0 64 248.796875 ) (-512 64 248.796875 ) (-512 134.525345 512 ) (0 134.525345 512 ) 
4 70 72 (-512 64 248.796631 ) (-512 64 192 ) (0 64 192 ) (0 64 248.796616 ) 
4 71 85 (0 0 192 ) (0 0 512 ) (-512 0 512 ) (-512 0 192 ) 
4 71 72 (0 48.780273 192 ) (-512 48.780266 192 ) (-512 64 248.800583 ) (0 64 248.800552 ) 
4 73 84 (-1024 0 880 ) (-1024 0 576 ) (-512 0 576 ) (-512 0 880 ) 
4 73 82 (-1024 0 576 ) (-1024 0 880 ) (-1024 1024 880 ) (-1024 1024 576 ) 
4 73 74 (-576 1024 576 ) (-512 1024 576 ) (-512 960 576 ) (-576 960 576 ) 
4 73 75 (-1024 1024 576 ) (-576 1024 576 ) (-576 0 576 ) (-1024 0 576 ) 
4 74 76 (-576 1024 320 ) (-512 1024 320 ) (-512 960 320 ) (-576 960 320 ) 
4 74 75 (-576 1024 320 ) (-576 960 320 ) (-576 960 576 ) (-576 1024 576 ) 
4 75 86 (-1024 0 576 ) (-1024 0 320 ) (-576 0 320 ) (-576 0 576 ) 
4 75 82 (-1024 0 320 ) (-1024 0 576 ) (-1024 1024 576 ) (-1024 1024 320 ) 
4 75 77 (-1024 0 320 ) (-1024 1024 320 ) (-576 1024 320 ) (-576 0 320 ) 
4 76 78 (-576 1024 192 ) (-512 1024 192 ) (-512 960 192 ) (-576 960 192 ) 
4 76 77 (-576 1024 192 ) (-576 960 192 ) (-576 960 320 ) (-576 1024 320 ) 
4 77 88 (-1024 0 320 ) (-1024 0 192 ) (-576 0 192 ) (-576 0 320 ) 
4 77 82 (-1024 0 192 ) (-1024 0 320 ) (-1024 1024 320 ) (-1024 1024 192 ) 
4 77 80 (-704 0 192 ) (-1024 0 192 ) (-1024 64 192 ) (-704 64 192 ) 
4 77 79 (-1024 1024 192 ) (-576 1024 192 ) (-576 64 192 ) (-1024 64 192 ) 
4 78 79 (-576 1024 -192 ) (-576 960 -192 ) (-576 960 192 ) (-576 1024 192 ) 
4 79 82 (-1024 64 192 ) (-1024 1024 192 ) (-1024 1024 -192 ) (-1024 64 -192 ) 
4 79 80 (-1024 64 -192 ) (-704 64 -192 ) (-704 64 192 ) (-1024 64 192 ) 
4 80 92 (-1024 0 192 ) (-1024 0 -192 ) (-704 0 -192 ) (-704 0 192 ) 
4 80 82 (-1024 0 -192 ) (-1024 0 192 ) (-1024 64 192 ) (-1024 64 -192 ) 
4 81 93 (0 0 -368 ) (0 0 -256 ) (-1024 0 -256 ) (-1024 0 -368 ) 
4 81 83 (-1024 0 -368 ) (-1024 0 -256 ) (-1024 1024 -256 ) (-1024 1024 -368 ) 
4 82 96 (-2048 0 -192 ) (-2048 0 880 ) (-2048 1024 880 ) (-2048 1024 -192 ) 
4 82 94 (-1024 0 -192 ) (-1024 0 880 ) (-2048 0 880 ) (-2048 0 -192 ) 
4 83 96 (-2048 0 -368 ) (-2048 0 -256 ) (-2048 1024 -256 ) (-2048 1024 -368 ) 
4 83 95 (-1024 0 -368 ) (-1024 0 -256 ) (-2048 0 -256 ) (-2048 0 -368 ) 
4 84 98 (0 -1024 576 ) (0 -1024 880 ) (-1024 -1024 880 ) (-1024 -1024 576 ) 
4 84 94 (-1024 0 880 ) (-1024 0 576 ) (-1024 -1024 576 ) (-1024 -1024 880 ) 
4 84 89 (0 -576 576 ) (0 -1024 576 ) (-576 -1024 576 ) (-576 -576 576 ) 
4 84 90 (-1024 -1024 576 ) (-1024 -512 576 ) (-576 -512 576 ) (-576 -1024 576 ) 
4 84 86 (-1024 -512 576 ) (-1024 0 576 ) (-576 0 576 ) (-576 -512 576 ) 
4 85 87 (-512 -320 192 ) (-512 -512 192 ) (-512 -512 320 ) (-512 -320 320 ) 
4 86 94 (-1024 0 576 ) (-1024 0 320 ) (-1024 -512 320 ) (-1024 -512 576 ) 
4 86 90 (-576 -512 576 ) (-1024 -512 576 ) (-1024 -512 320 ) (-576 -512 320 ) 
4 86 88 (-1024 0 320 ) (-576 0 320 ) (-576 -512 320 ) (-1024 -512 320 ) 
4 87 88 (-576 -320 192 ) (-576 -512 192 ) (-576 -512 320 ) (-576 -320 320 ) 
4 88 94 (-1024 0 320 ) (-1024 0 192 ) (-1024 -512 192 ) (-1024 -512 320 ) 
4 88 92 (-1024 -512 192 ) (-1024 0 192 ) (-704 0 192 ) (-704 -512 192 ) 
4 88 90 (-1024 -512 192 ) (-576 -512 192 ) (-576 -512 320 ) (-1024 -512 320 ) 
4 89 98 (0 -1024 192 ) (0 -1024 576 ) (-576 -1024 576 ) (-576 -1024 192 ) 
4 89 91 (0 -1024 192 ) (-576 -1024 192 ) (-576 -768 192 ) (0 -768 192 ) 
4 89 90 (-576 -576 192 ) (-576 -1024 192 ) (-576 -1024 576 ) (-576 -576 576 ) 
4 90 98 (-576 -1024 576 ) (-1024 -1024 576 ) (-1024 -1024 192 ) (-576 -1024 192 ) 
4 90 94 (-1024 -512 192 ) (-1024 -1024 192 ) (-1024 -1024 576 ) (-1024 -512 576 ) 
4 90 91 (-576 -1024 192 ) (-704 -1024 192 ) (-704 -768 192 ) (-576 -768 192 ) 
4 90 92 (-704 -1024 192 ) (-1024 -1024 192 ) (-1024 -512 192 ) (-704 -512 192 ) 
4 91 98 (0 -1024 -192 ) (0 -1024 192 ) (-704 -1024 192 ) (-704 -1024 -192 ) 
4 91 92 (-704 -768 -192 ) (-704 -1024 -192 ) (-704 -1024 192 ) (-704 -768 192 ) 
4 92 98 (-704 -1024 192 ) (-1024 -1024 192 ) (-1024 -1024 -192 ) (-704 -1024 -192 ) 
4 92 94 (-1024 0 192 ) (-1024 0 -192 ) (-1024 -1024 -192 ) (-1024 -1024 192 ) 
4 93 99 (0 -1024 -368 ) (0 -1024 -256 ) (-1024 -1024 -256 ) (-1024 -1024 -368 ) 
4 93 95 (-1024 0 -256 ) (-1024 0 -368 ) (-1024 -1024 -368 ) (-1024 -1024 -256 ) 
4 94 101 (-1024 -1024 -192 ) (-1024 -1024 880 ) (-2048 -1024 880 ) (-2048 -1024 -192 ) 
4 94 97 (-2048 -1024 -192 ) (-2048 -1024 880 ) (-2048 0 880 ) (-2048 0 -192 ) 
4 95 102 (-1024 -1024 -368 ) (-1024 -1024 -256 ) (-2048 -1024 -256 ) (-2048 -1024 -368 ) 
4 95 97 (-2048 -1024 -368 ) (-2048 -1024 -256 ) (-2048 0 -256 ) (-2048 0 -368 ) 
4 96 97 (-2048 0 -368 ) (-2048 0 880 ) (-2096 0 880 ) (-2096 0 -368 ) 
4 97 104 (-2048 -1024 -368 ) (-2048 -1024 880 ) (-2096 -1024 880 ) (-2096 -1024 -368 ) 
4 98 101 (-1024 -1024 880 ) (-1024 -1024 -192 ) (-1024 -1984 -192 ) (-1024 -1984 880 ) 
4 98 100 (0 -1984 -192 ) (0 -1984 880 ) (-1024 -1984 880 ) (-1024 -1984 -192 ) 
4 99 102 (-1024 -1024 -256 ) (-1024 -1024 -368 ) (-1024 -1984 -368 ) (-1024 -1984 -256 ) 
4 99 100 (-1024 -1984 -368 ) (0 -1984 -368 ) (0 -1984 -256 ) (-1024 -1984 -256 ) 
4 100 103 (-1024 -1984 -368 ) (-1024 -2032 -368 ) (-1024 -2032 880 ) (-1024 -1984 880 ) 
4 101 104 (-2048 -1024 880 ) (-2048 -1024 -192 ) (-2048 -1984 -192 ) (-2048 -1984 880 ) 
4 101 103 (-1024 -1984 -192 ) (-1024 -1984 880 ) (-2048 -1984 880 ) (-2048 -1984 -192 ) 
4 102 104 (-2048 -1024 -256 ) (-2048 -1024 -368 ) (-2048 -1984 -368 ) (-2048 -1984 -256 ) 
4 102 103 (-2048 -1984 -368 ) (-1024 -1984 -368 ) (-1024 -1984 -256 ) (-2048 -1984 -256 ) 
4 103 104 (-2048 -1984 -368 ) (-2048 -2032 -368 ) (-2048 -2032 880 ) (-2048 -1984 880 ) 
